66152 66324
1818 1880
descartar
41872 42599
descartar
61229 61362
descartar
50859 50937
29158 29345
descartar
33081 33432
95473 95594
71805 72072
97883 98049
89744 89802
69141 69645
59356 59470
79107 79187
61039 61248
31182 31402
11837 12096
24972 25276
81950 82459
33081 33432
16253 16395
56717 56906
65121 65214
71005 71037
41872 42205
48940 49124
22479 22801
7802 8368
66767 67466
81950 81998
50832 50937
16832 16916
59573 60016
54276 54388
84133 84544
5196 5367
77139 77406
33905 34137
778 852
49014 49783
31828 32468
6910 7004
34767 34862
7546 7855
86039 86107
95473 95939
38688 39185
14303 14581
37182 37502
37182 37502
63865 64057
69962 70027
10339 10580
45338 45782
40427 41125
68601 68780
94426 94616
79620 80127
77032 77269
77569 78286
78092 78286
44130 44311
94714 95091
37618 37834
14626 14973
95333 95594
59340 59470
92146 92283
29158 29345
59739 60179
41413 41535
77508 77675
83431 83450
75940 76256
1360 1880
85705 85859
88399 88488
56557 56906
177 231
41872 42205
93712 94012
80399 80714
11837 12096
20709 21060
25922 26200
69370 69645
89390 89802
36563 37502
49014 49783
82627 82944
14626 14880
27299 28188
27107 27123
25922 26200
81359 81563
41872 42054
21395 21635
40427 40908
50538 50749
66767 67137
17303 17717
91908 92139
60827 61009
778 852
84417 84544
78882 79061
86616 86710
72736 73006
35565 35801
3202 3235
14626 15115
45918 46226
29 231
43395 43450
66422 66724
25922 26200
12777 12847
71913 72542
79152 79288
61933 62183
55035 55449
94010 94216
5588 6047
81950 82574
36431 36566
87354 87525
40427 40866
74128 74295
28268 28352
91301 91464
57564 57801
45658 45782
descartar
18580 18774
62829 63030
84133 84544
97363 97590
65864 65941
73432 73576
49448 49783
69141 69645
4767 4914
95473 95594
69141 69645
48247 48308
78416 78530
11137 11768
61039 61248
50859 51405
90834 91076
39440 39449
6409 6521
1293 1328
45239 45457
5291 5367
53872 54183
32473 32781
62514 62627
28268 28462
77139 77406
70197 70430
86039 86051
39332 39426
69962 70027
21040 21145
1980 2664
53872 54296
34896 35161
68008 68190
44002 44311
84417 84544
53653 53854
48792 48897
80004 80127
39121 39426
97109 97158
74805 74953
50859 50937
74342 74533
25922 26200
58031 58258
30144 30327
48675 48780
75770 76047
75062 75754
53872 54101
29843 30082
24595 24625
16538 16651
74550 74953
1818 1921
86616 86979
76715 77033
41244 41313
72938 73175
98108 98205
59739 60016
43616 43948
33081 33143
44413 44529
87530 87794
33939 34137
98108 98205
36563 36661
30144 30384
37182 37502
49773 50223
5196 5367
4617 4914
24595 24640
47464 47687
79152 79187
71254 71424
96155 96947
71254 71424
46854 46973
50278 50500
17523 17717
87814 88031
83199 83331
92146 92283
6048 6274
86386 86447
69141 69645
63517 63933
59573 60016
83538 84024
23501 23662
19628 20084
33081 33219
68008 68144
7365 7451
66767 67466
82540 82574
60341 60456
13681 14123
35992 36371
10339 10580
18580 19261
57187 57330
51332 51516
66422 67137
36431 36566
22783 22801
79152 79541
24081 24289
86039 86051
29696 30082
41539 41790
73850 73914
29371 29677
33738 33878
80004 80127
31828 32468
19380 19649
59739 60179
7802 8368
19454 19649
97 231
27631 28188
52583 52660
68194 68521
35140 35301
35992 36196
66767 67152
11837 12096
49773 50223
3202 3481
22479 22801
85542 85657
77083 77269
73850 74295
68601 68780
29843 30082
12966 13158
48008 48157
53872 54007
98594 99385
94010 94216
95473 95939
72938 73133
39756 40060
45875 45915
69370 69645
71913 72109
81579 81823
29436 29677
80004 80297
1103 1328
29696 30082
7802 8089
69962 70430
14303 14581
59573 60016
22673 22801
97661 98049
71531 71892
89061 89078
17523 17717
10339 10580
94691 95091
84417 84544
59573 60016
24566 24625
97604 97610
7546 7855
94714 95091
12966 13158
18209 18233
6910 7004
86239 86347
58031 58258
52757 52921
71913 72072
30144 30275
50859 50937
17830 18020
26783 26816
52063 52660
63865 64081
51140 51405
38615 38678
94714 95091
10708 11029
61287 61362
8708 9159
98594 98977
50278 50500
26478 26672
8944 9700
41332 41535
37529 37598
9552 10041
778 1177
78416 78530
23855 23948
24972 25069
73432 73449
36917 37502
43235 43361
80399 80714
39652 40060
17730 17877
49582 49783
28060 28188
47849 48009
421 736
62421 62425
74550 74953
68915 68998
26478 26672
41872 42338
7546 7855
37529 37598
52936 53150
68915 68998
46297 46973
68194 68223
35678 35801
72938 73006
93712 93922
77083 77269
26826 27013
3549 3744
94426 94616
5333 6047
43971 44311
19454 19649
78861 79061
97363 97590
79107 79187
75062 75754
53434 53464
96826 96947
25168 25276
97661 98049
61229 61248
41872 42205
59739 60357
52226 52660
11055 11144
3045 3201
94714 95091
18580 18774
40427 40866
64182 64260
87530 87794
87087 87229
32338 32468
39756 40060
76418 76603
25922 26200
16832 16916
3202 3481
46151 46226
11137 11768
8708 9159
6409 6521
47114 47218
4048 4088
20228 20387
41872 42880
79620 80127
73686 73773
55932 55963
21275 21318
71531 71892
16952 17218
63013 63933
31828 31894
85705 86051
74342 74533
51332 51405
80631 80714
93082 93346
91908 92139
61109 61248
97264 97378
95473 95939
93497 93922
36917 37502
88399 88516
35992 36130
70197 70430
7802 8368
98257 98977
98108 98205
33081 33578
4767 5120
61561 61730
37583 37675
25236 25378
4278 4406
33081 33758
15314 15653
59739 60357
54875 54965
3202 3481
93712 93922
18209 18521
51332 51923
79620 80127
8944 9700
2907 3201
76715 76860
18580 18882
94972 95091
37929 38000
16103 16145
6910 7004
47849 48009
69370 69645
95473 95594
245 736
56132 56696
3767 3795
98594 98977
70830 71037
37182 37502
20176 20247
32473 32781
74805 74953
61874 61885
53187 53298
24751 24983
77139 77269
29843 30082
79620 80127
80399 80714
23501 23849
14507 14581
31828 32468
19938 20084
23501 23774
35041 35161
96701 96947
41872 42495
46297 46973
50859 51405
74805 75530
53187 53464
15090 15311
60827 61009
48792 48897
15401 15653
33688 33758
68915 68998
14303 14581
4523 4914
6048 6307
50859 50937
36917 37502
97363 97590
12777 12847
6706 7004
22479 22801
6048 6430
36563 37502
1980 2664
3202 3481
60527 60585
33081 33219
51808 51923
80399 80714
72938 73449
86831 86979
93497 93922
15401 15713
49582 49783
60827 61009
7006 7030
2990 3201
76273 76321
67862 68020
68194 68223
91801 92139
1360 1880
37182 37502
22479 22801
22479 22801
59739 60016
89744 89802
59573 60016
57187 57433
2420 2664
82627 82837
79620 80127
25236 25378
19454 19649
98257 98977
28396 28717
80004 80127
