83699 83908
1 83
98580 98691
66982 67597
45197 45321
99630 100000
20114 20502
5522 5547
88435 88727
53730 53978
44956 45158
68874 69109
6768 6943
41846 42078
98751 99095
15216 15529
36707 36859
91797 91867
90266 90484
60316 60350
39508 39719
43190 43375
5756 5954
73745 73786
87079 87256
27169 27696
87672 87748
47392 47719
87937 88176
10885 10944
66350 66904
71661 71991
10953 10988
65494 65525
39343 39352
55733 56231
2688 2921
76084 76234
78059 78124
91304 91470
29725 30055
23146 23243
60373 60399
53074 53378
65196 65323
75685 75882
68360 68713
18395 18436
66982 67597
75250 75358
78591 78845
6996 7185
18395 18708
84404 84646
97241 97298
5756 5954
28054 28089
84883 85325
69511 69708
16089 16150
12159 12337
36373 36597
87937 88176
23240 23311
18395 18436
43548 43747
79420 79633
21172 21227
19722 20258
73800 73971
28897 29029
66011 66373
97051 97298
5621 5954
19370 19493
78591 78845
81364 81496
4330 4439
97051 97298
65393 65525
79473 79669
75685 75938
88850 88964
14599 14733
60373 60479
86114 86347
36707 36859
4834 4902
71214 71370
6531 6581
20893 21067
99630 100000
59359 59477
25293 25336
23060 23200
94174 94404
68874 69109
18395 19005
15423 15529
88762 88823
92640 92847
60597 60832
71320 71370
6284 6581
66350 66592
90576 90769
85031 85325
64324 64401
11291 11550
98580 98691
29725 29941
91089 91470
90576 90890
34874 35064
21932 22374
67645 67919
21172 21393
58863 59078
72368 72812
8861 8942
65557 65921
93513 94404
8584 8718
41362 41424
35119 35350
48078 48233
35584 35986
4183 4262
83377 83451
66982 67597
9399 9576
76224 76234
28170 28261
80556 80826
98751 99095
10953 11369
87672 87914
202 354
75348 75438
99306 99363
98751 99095
21510 21575
6842 6943
6126 6133
56399 56782
45197 45426
73800 73971
77851 78054
4330 4439
62726 62827
2995 3094
86114 86395
72661 72812
28127 28261
27749 27867
7598 8423
76306 76320
79473 79852
12159 12337
59633 59760
47249 47301
37831 38009
52283 52474
91825 91920
34874 35350
51130 51220
2929 2980
22733 23032
67645 67919
94654 94862
38259 38779
82970 83140
16109 16299
61779 62655
89149 89232
72797 72983
6996 7296
79352 79633
66982 67282
27900 28089
41846 42186
70175 70320
30378 30996
14743 14893
58436 58642
22733 23032
90576 91024
54602 54881
51257 51523
66982 67282
18142 18284
89236 89425
35717 35986
10021 10136
24403 24495
3209 3307
29135 29452
63469 63903
71005 71200
24111 24194
18395 19005
53949 54288
40434 40593
97040 97073
43190 43364
13289 13550
20568 20704
22670 22693
96733 96872
48593 48879
64745 64870
83288 83346
79352 79633
96042 96453
97660 98013
53949 54288
18395 19005
88850 89129
25150 25336
70259 70320
72368 72428
43190 43747
75993 76022
8132 8423
53435 53978
16776 16921
11291 11449
82970 83140
80556 80672
82484 82522
6996 7185
15664 15825
52958 52983
63824 63953
12653 12806
96252 96453
77016 77303
33398 33472
35119 35350
90266 90360
98414 98492
16474 16529
73543 73700
77851 77876
12439 12663
71320 71731
48446 48481
47799 47811
76875 77058
73543 73700
34394 34450
49414 49609
17065 17187
10266 10590
73924 73971
87023 87053
27169 27696
1665 1712
70018 70070
24111 24194
84124 84221
93513 93557
39865 39961
53435 53978
57426 57521
52713 52754
49783 49823
50804 51046
2007 2565
1470 1604
41362 41374
843 1182
17930 17995
15007 15030
95217 95633
46838 46956
2995 3094
43548 43747
10953 11096
79955 80128
33522 34065
45422 45512
45618 45772
66982 67282
72242 72428
36007 36083
54244 54288
99457 99589
37503 37944
40588 40752
40045 40225
38259 38588
34001 34170
79955 80128
91624 91867
91594 91715
49053 49297
57889 58008
42597 42731
51257 51613
59359 59468
320 354
68874 69109
93513 94404
31670 32024
64140 64401
56957 57075
34499 34935
24111 24428
67947 68152
30890 31065
74300 74375
13553 13732
92893 93178
41580 41651
85426 86073
29135 29213
95755 95922
1665 1856
83212 83346
36373 36566
41794 41882
21510 21575
70513 70705
38124 38588
29517 29726
78564 78629
87159 87256
87610 87631
37503 37626
55161 55251
63390 63454
37831 37944
24111 24194
73543 73700
69511 69648
88151 88563
30378 30996
20568 20704
28897 29029
15007 15117
67947 68074
3339 3592
28535 28732
61080 61367
44877 45158
30890 30996
6652 6734
57136 57223
48953 49058
89874 90003
93513 94404
6996 7185
27749 27867
80556 80672
45197 45321
57426 57521
75439 75882
32384 32700
44956 45158
13093 13284
3851 4050
8426 8556
66982 67395
28127 28261
98181 98398
53298 53378
32820 33037
28897 29029
73966 74167
61779 62655
43869 44107
41846 42078
81507 81613
89051 89129
19492 19555
42814 43073
36007 36382
26148 26246
1 83
85297 85401
32384 32700
10021 10065
92439 92747
60272 60322
6996 7185
37831 37944
17514 17799
82484 82661
86664 86849
79077 79339
12000 12337
90576 90724
3851 4050
79473 79633
35119 35350
2007 2565
49114 49297
67947 68152
47392 47719
23146 23200
46315 46401
91624 91715
81507 81613
27900 28089
97051 97298
1056 1182
70895 71200
33398 33472
43548 43747
87288 87331
35119 35350
76084 76234
97340 97456
27604 27696
52713 52806
4330 4439
81744 81943
86702 86943
3339 3592
84883 85325
82359 82435
31814 32024
91937 92117
86361 86467
11291 11369
27169 27696
5025 5227
60373 60491
11705 11769
52713 52806
99630 100000
74399 74742
60597 60891
97660 97940
18395 19005
74300 74375
98751 99095
5877 6133
7598 7834
58863 59078
93373 93477
42814 43073
51257 51523
6996 7185
86702 86959
20114 20646
27822 28089
85031 85325
7433 7673
31231 31305
86361 86467
89874 90003
79462 79633
78433 78528
92640 92747
6996 7185
21932 22082
13959 14166
83699 84190
49982 50236
83212 83346
83699 84190
24403 24673
60373 60462
81744 81943
59633 59760
34499 34935
97051 97298
65727 65921
42433 42731
72293 72428
75439 75882
1665 1856
23472 23820
82484 82661
5025 5227
44287 44435
10266 10590
6531 6626
67947 68152
57967 58172
92893 93178
74300 74375
37503 37626
87672 87914
83288 83451
44702 44939
26148 26426
97451 97484
28535 28732
92640 92847
97051 97073
28897 29213
33522 34065
57492 57521
27169 27696
93415 93557
92068 92323
40588 40752
59195 59468
50804 51220
12653 13038
34765 34935
69057 69248
53074 53130
33522 34065
90576 90696
97340 97456
44193 44435
97282 97298
81744 81943
18395 18744
6652 6734
55733 56231
72661 72812
94619 94739
55733 55890
33522 34065
37187 37522
53334 53378
78774 78862
29725 30093
66350 66815
7598 7915
63824 63903
24111 24428
51257 51523
57136 57328
32820 33037
92068 92186
32899 33037
83699 84190
5025 5227
83699 84190
69511 69648
58230 58263
17762 17880
60248 60322
71661 71991
78433 78528
73800 73971
70143 70320
97051 97298
80556 80672
42700 42731
86114 86347
91594 91715
98580 98691
19909 20258
28897 29029
67947 68407
98751 99095
75348 75358
34874 35064
23112 23200
55515 55723
59322 59468
74399 74742
29135 29213
92068 92235
66350 66815
62128 62655
92439 92747
88151 88292
62548 62655
46315 46552
80386 80570
54728 55251
34765 34935
74956 75358
28897 29029
21355 21393
88762 88823
9603 9665
64029 64138
74956 75147
17514 17799
62548 62766
11291 11449
62807 62882
30890 30996
10266 10322
38138 38588
66011 66107
49745 49765
10021 10136
25293 25438
24111 24428
39135 39352
33875 34065
7433 7673
17762 17799
42779 42854
95713 95734
80237 80353
37503 37626
58596 58642
77016 77303
92640 92747
9652 9803
52283 52474
21548 21833
30890 31305
40994 41127
47392 47719
95217 95633
32384 32700
81507 81732
57889 58008
43869 44107
44469 44532
88850 88964
70513 70705
98751 99095
54728 54986
20114 20308
8861 9225
96601 96748
44589 44939
64745 64870
46838 46956
51793 52474
98751 99095
5877 6133
64140 64401
95548 95633
43548 43747
22733 23032
72661 72812
36007 36382
32384 32700
41362 41424
74300 74375
63469 63903
98751 99095
38259 38588
58863 59078
31296 31377
19909 20258
33191 33328
91479 91715
64389 64586
21932 22082
62007 62655
79865 80128
93236 93477
82359 82378
89051 89129
6126 6581
26978 27050
70259 70320
69477 69540
95448 95633
69057 69243
75439 75512
59594 59760
64745 64870
35119 35554
98751 98813
53730 53978
87937 88176
31296 31377
95217 95633
62442 62655
11291 11449
10266 10590
17065 17187
70290 70705
57967 58172
37057 37167
3501 3592
49491 49713
17930 18027
41846 41976
11705 11899
97660 97940
51257 51718
94174 94404
3339 3592
57889 58008
37503 37626
89874 90003
27169 27696
49252 49392
59073 59202
19005 19305
25293 25336
23935 24132
54602 54881
23984 24132
94174 94404
59195 59202
55407 55438
89431 89677
21548 21833
83145 83190
16109 16299
55161 55251
53435 53978
74300 74375
92068 92382
73359 73700
23984 24132
26575 26783
31670 32024
35717 35986
24403 24673
83288 83451
46315 46363
44329 44435
57569 57661
83699 83908
34201 34341
1365 1431
49491 49609
9652 9876
20568 20646
74610 75147
49982 50236
91624 91715
98751 99095
44344 44435
50804 50990
70692 71200
49982 50236
88850 88964
53730 53978
66311 66373
43869 44107
23472 23820
40588 40752
52713 52806
97051 97298
80950 81161
79473 79633
45197 45321
16776 16921
20114 20502
28535 28654
79473 79633
64745 64870
2007 2742
79473 79852
15423 15529
3851 4050
29135 29452
25150 25336
40938 41127
4183 4262
75348 75438
32642 32700
19492 20258
36007 36230
83507 83584
90266 90360
86114 86347
88762 88964
44121 44201
52337 52754
32899 33037
67645 67946
9603 9665
2007 2075
81364 81459
90576 90696
81507 81613
42957 43073
23472 24132
1665 2075
87937 88176
3339 3592
83075 83140
90576 90696
83145 83346
14743 14922
94174 94596
28897 29029
56399 56782
35119 35554
33112 33178
31920 32024
84404 84646
68874 69109
67947 68074
84404 84481
59322 59468
70513 70705
73105 73327
19861 20258
22469 22532
87672 87874
49114 49297
24403 24673
85426 86073
39865 39885
6126 6581
28535 28654
80000 80128
24403 24673
16573 16672
83507 83584
23984 24132
23472 23820
82970 83140
55249 55346
17930 18167
11800 12029
11705 11899
69824 70070
61309 61520
59758 60085
54339 54451
30378 30561
44469 44501
55161 55251
6126 6581
15007 15375
28402 28654
26027 26107
54728 54881
50804 50990
30179 30272
3851 4050
75439 75882
15807 15883
59758 60322
98061 98081
60597 60832
40216 40361
38816 39113
93513 94404
40140 40225
62807 62922
17299 17501
39508 39719
18142 18167
51793 52474
51257 51613
46061 46363
38138 38588
29135 29452
6284 6581
8861 9225
76224 76320
50804 50990
64140 64401
82484 82522
82359 82424
8861 9225
24403 25200
37057 37522
59758 59990
55161 55251
57492 57521
51793 52474
87288 87369
34001 34170
49783 50006
64389 64586
74300 74742
88762 88964
58251 58370
14509 14639
92045 92117
70513 70705
2007 2742
60248 60322
38259 38588
48799 48956
14743 14893
67645 67919
71320 71731
40045 40225
60373 60491
22469 22605
4183 4262
59322 59468
21172 21393
29517 29726
84231 84366
74610 74817
89441 89677
55733 55890
32259 32700
57569 57839
43190 43364
66350 66421
7493 7673
7598 7834
57136 57223
12653 12806
82359 82424
87937 88176
97051 97298
90576 90860
58512 58642
99630 100000
66982 67597
96790 97073
48740 48879
82054 82227
81193 81255
20114 20502
21932 22374
57967 58172
59322 59468
42814 42913
17299 17501
96790 96968
72368 72812
17930 18167
71661 71823
78189 78356
73800 73971
20114 20502
52283 52474
2995 3307
59758 59990
57492 57661
60316 60399
89008 89129
39865 39961
64745 64870
47006 47301
23240 23523
2007 2565
14509 14639
36707 36762
66982 67597
13146 13284
17930 17995
4330 4439
51793 51821
75685 76022
80000 80128
94654 94739
9652 9773
77016 77058
83377 83512
27749 27867
65156 65200
78059 78124
17930 18027
85426 86073
30378 30494
67645 67919
5025 5227
6531 6734
25293 25438
81744 81943
12000 12029
81663 81732
46315 46956
14599 14639
28818 28893
86114 86347
17037 17064
43190 43747
22733 23056
84404 84685
72797 72983
57136 57328
89008 89129
24403 24837
49491 49713
69057 69109
35717 35986
59359 59468
46061 46186
3501 3592
11234 11369
13553 13732
37831 37944
13188 13284
60373 60491
5621 5954
18395 18436
66982 67282
30890 31305
202 354
95448 95633
12653 12806
46838 46956
10021 10099
57889 58008
49491 49609
26978 27696
17514 17799
88850 89129
11705 11899
90576 90696
46061 46363
732 1182
15216 15375
95945 95997
