38035 38185
32 561
40688 41003
924 1279
7157 7254
82812 82930
descartar
11578 11954
99999 99999
50593 51073
74273 74528
53966 53993
14161 14686
35033 35746
82989 83188
12549 12729
51621 52047
28294 28809
20221 20533
98470 98821
86447 86680
74273 74528
92098 92759
41325 41799
67225 67344
83310 83419
73167 73755
69738 70911
51880 52472
57934 58073
86064 86461
6745 6877
74273 74928
43309 43691
7623 8254
81857 82520
42629 42791
56363 56421
10158 10393
73167 73620
23186 23394
1135 1279
27348 27610
54302 54409
36599 36764
10706 10929
66841 67222
4697 5024
55326 55649
3689 4094
3033 3470
58596 58979
94306 94526
11893 12322
32 385
77625 78392
95506 95744
73940 74528
48565 48697
63702 64478
48066 48500
51328 51396
71150 71244
23179 23284
94715 94846
95332 95744
21551 21694
37302 37526
67745 68226
31633 31958
10998 11192
91414 91522
33017 33290
54579 55079
61921 62222
86064 86173
81857 82520
45374 45578
90703 91174
37700 37736
49210 49406
10472 10713
96200 96401
43709 43722
22640 23044
96477 96656
21747 21943
34396 35003
86815 86949
86447 86909
98970 99508
35033 35746
38035 38185
86447 86909
74273 74928
32867 32994
82121 82520
96389 96552
69738 70453
50169 50383
44592 44795
81343 81683
58121 58131
77625 77894
52822 52921
36599 36764
80122 80401
34396 35003
82121 82520
87428 87503
72676 72932
31302 31586
98025 98272
85125 85431
91538 91635
37302 37350
98262 98452
29547 30027
72035 72161
85125 85391
32764 32811
71150 71511
36760 37022
70742 70911
74273 74528
11578 11885
3689 4094
56363 56766
24468 24661
90065 90501
23186 23394
68978 69299
88262 88384
97709 98272
63433 63478
41138 41299
34396 34621
76153 76194
16438 17128
31129 31272
64917 65426
64504 64824
45605 46008
50593 51073
72035 72642
82812 83090
49043 49406
18601 18689
54579 55236
50593 51073
51357 51396
42629 42844
87428 87794
22104 22475
17318 17538
15800 15899
42018 42510
90065 90433
40214 40452
49101 49406
30113 30154
9642 10040
37302 37434
27656 28016
73075 73182
94941 95264
78667 78937
33164 33290
71106 71244
11893 11954
80735 80781
52705 52784
76302 76542
26205 26532
3033 3470
65359 65426
25235 25671
68374 68834
83695 84038
96693 97417
35783 35943
35033 35746
39850 40195
23605 23903
73940 74528
73167 73620
39484 39578
16256 16336
80122 80401
96200 96335
65426 65788
10472 10713
5990 6134
19123 19362
54579 54898
95332 95744
14161 14221
33478 33896
28557 28809
85125 85391
45605 46008
9113 9581
54302 54409
38357 38626
51880 52149
74004 74528
3939 4094
77625 77894
42629 42946
3939 4655
91075 91346
95123 95264
39484 39868
47414 47545
35033 35746
13373 13763
21116 21235
74273 74777
46298 46600
17790 18029
70742 71244
11578 11885
28294 28374
93376 93481
30926 31272
82989 83193
88870 89028
44920 45391
33164 33290
33787 33993
46789 46914
78667 78937
59547 59800
17318 17599
33787 33896
28059 28329
91538 91976
54009 54409
22312 22475
50811 51073
58450 58979
13373 13763
46109 46255
14161 14686
61072 61429
81343 81425
28294 28329
98470 98821
72035 72642
91075 91174
16438 17128
59934 59985
2893 3242
61072 61429
53350 53518
50169 50383
44152 44477
58596 58979
11893 11954
94021 94154
8878 9051
74273 75425
89008 89556
68374 68737
92672 92759
22640 23284
96693 97014
32 831
77123 77325
19123 19362
51705 52047
51880 52047
33017 33097
14161 14426
65881 66584
10472 10713
95506 95744
11126 11247
9113 9408
84292 85193
2320 2435
25681 25912
44433 44595
21551 21694
86815 87054
14161 14426
88262 88384
47754 47823
89008 89556
32 385
58141 58332
98205 98272
91538 91976
47414 47545
66841 67222
32 831
69738 70911
80122 80401
1353 1488
63702 64478
15800 16078
69520 69738
16061 16228
65359 65426
83695 84038
98970 99147
75864 76010
79369 79655
10158 10393
85125 85391
80514 80684
12549 12729
27348 27465
24986 25184
50593 51073
30113 30811
38357 39442
38357 39366
94941 95264
28557 28809
55326 55472
53059 53181
43309 43466
63433 63478
16955 17128
26490 26644
63702 64478
87428 87794
6745 7005
81857 82012
67745 68226
38357 39366
51576 51600
32 831
4411 4655
35033 35746
99606 99845
80514 80684
31302 31586
26205 26532
82121 82520
11893 11991
55326 55472
25681 25912
53350 53518
6033 6134
72966 73035
9113 9408
61346 61429
67745 67934
54009 54409
16438 17128
37302 37434
97438 97630
96660 96817
54302 54483
24213 24472
60389 60883
58349 58979
47414 47545
59043 59347
26205 26532
86447 86909
10706 10929
43309 43466
91379 91397
62172 62739
59043 59586
88262 88384
10158 10393
85811 86173
86447 86909
38357 38831
57696 57944
28932 29096
8119 8696
63702 63893
1903 2103
17318 18029
41325 41799
69738 70082
72035 72120
74273 74777
7157 7615
85811 86173
71150 71511
77625 78392
26490 26644
48565 48697
36433 36764
7623 8254
79221 79419
60389 61429
34396 35003
22640 23044
68374 68641
13373 14155
98470 98687
73167 73322
40552 41003
801 870
60002 60358
79369 79419
58596 58979
89008 89556
3939 4655
22312 22475
7518 7615
21782 22166
80122 80401
77417 77894
10431 10713
54579 55236
1135 1279
12549 12811
26490 26589
79221 79419
38357 39442
75151 75425
15800 15899
13373 13763
82989 83090
11318 11635
90703 90830
17956 18029
33787 34301
59043 59586
48066 48500
49101 49406
49043 49406
88870 89028
49940 50210
9113 9408
84292 85193
8623 8696
14161 14686
88870 89028
47414 47545
22104 22475
27183 27368
27656 28016
15800 16078
37700 37821
33478 33607
66841 67222
25681 25912
12856 13055
6241 6346
924 1279
44920 45391
36112 36259
32 385
56363 56766
26998 27098
34396 34752
7157 7615
2745 2866
82812 82930
56363 56530
51788 52047
71722 72120
22640 23044
77318 77446
56363 56599
31302 31586
8119 8405
45374 45578
78667 79085
30113 30671
72676 72932
23186 23284
62820 63210
26664 27098
6033 6346
96477 96597
93825 94154
31941 32012
25681 25912
16438 17128
49335 49406
70742 71244
52705 52784
49546 49707
43794 44294
95794 96238
84292 84376
67463 67731
98806 99053
83505 83655
40552 40614
66841 67222
71722 71837
63433 63618
44152 44477
28294 28374
95028 95264
68978 69299
90065 90270
90065 90501
16061 16228
79221 79419
13373 13763
78667 79085
22312 22632
36112 36259
91843 92019
32787 32994
67745 68226
17851 18029
49335 49406
17318 17599
5233 5312
18450 18689
83505 83655
49210 49406
14161 14686
84099 84376
33164 33489
29547 30027
67745 67934
73940 74528
13284 13428
39484 39671
37302 37526
74004 74528
84292 84376
48565 48892
43007 43230
90703 91174
38357 39366
59043 59347
69738 70453
68978 69555
54579 54759
9113 9408
5287 5724
46298 46725
42018 42146
73734 73863
64504 64824
7623 8254
7623 7680
69738 69925
26205 26323
7518 7615
35033 35746
57271 57402
91734 91976
68843 69071
3460 3714
75864 76194
42629 42946
16438 17128
31941 32164
96660 96817
90703 91174
32503 32811
61855 61990
50169 50410
23605 23903
1135 1279
9642 10040
10158 10233
86815 86949
63702 64478
19123 19518
92471 92759
10998 11053
61346 61511
82570 82772
91843 91976
68978 69299
6443 6685
61568 61990
11893 11954
14161 14221
97123 97417
68978 69299
22312 22475
82389 82520
89008 89556
14161 14863
41325 41799
5843 5966
62820 63210
38217 38525
12970 13428
95794 95967
32 385
63525 63618
19425 19765
17790 18029
89494 89556
29547 30027
4697 5024
69738 70453
49101 49406
97123 97417
81030 81425
10472 10713
96200 96335
73167 73322
96200 96335
2745 2898
51135 51396
8119 8254
33164 33489
64504 64924
93490 93714
55658 56421
47253 47545
82570 82812
86815 87054
5040 5312
50143 50210
43309 43691
18194 18292
45883 46255
43794 44041
98025 98272
81857 82012
77625 78392
87428 87794
11578 11885
82812 82930
74273 74528
77318 77446
96477 96552
55326 55649
3939 4655
92672 92825
44920 45391
32 831
11893 11991
12549 12811
24986 25184
45374 45578
77572 77894
18661 18828
17318 17633
41187 41299
1353 1807
4411 4655
30113 30373
6683 6877
70742 71244
90065 90270
41318 41397
17126 17253
50413 51073
39440 39474
98970 99159
28294 28809
43309 43691
27183 27368
27656 28016
17790 18029
4411 4655
24213 24472
89494 89990
8878 9051
33164 33489
51135 51211
25681 26235
44920 45391
63702 64034
50811 51073
90703 90830
57696 57944
69738 69925
24637 24791
98970 99147
71496 71762
29065 29344
45374 46008
94474 94726
32 561
35671 35892
35783 35943
33787 33993
86064 86173
91734 91976
49335 49458
30926 31272
51576 51600
76302 76796
58596 58979
85623 85904
97438 98272
82989 83090
91734 91976
6683 6877
32787 32811
59043 59370
32503 32811
77625 78392
23186 23394
83695 83785
85125 85391
97438 97630
69738 70082
9878 10125
96477 96656
57696 57944
55658 55819
58552 58979
51880 52472
72035 72642
10472 10713
4697 5024
22640 23044
96693 96907
12549 12865
72035 72341
44152 44294
80735 80781
64917 65426
3033 3242
82812 82930
62820 63210
2320 2571
74273 74777
69520 69738
35033 35746
33787 34240
18601 18689
29547 30027
73695 73755
18661 18828
31302 31586
71150 71244
88708 88886
57696 57944
84099 84376
46298 46600
29547 30027
59043 59120
15231 15899
2320 2435
69738 69925
19607 20164
24986 25184
82952 83090
49210 49406
13373 13763
27183 27368
30048 30101
78667 78937
30113 30373
12856 13055
41325 41894
49043 49406
3939 4094
27656 28016
32 831
54302 54409
62791 62846
30113 30373
81505 81683
77625 78392
31941 32012
86447 86680
35783 35943
32503 32597
33164 33290
65756 65788
91538 91976
64917 64981
67745 68226
61346 61511
84954 85193
9113 10040
44433 44477
34352 34621
39484 39578
71653 71762
80735 80967
18285 18689
18194 18292
9878 10177
76302 76625
83505 83655
30113 30671
20644 20774
84099 84376
84292 85193
83505 83655
14161 14686
45605 46008
81343 81683
92672 92759
77625 77894
67745 68226
44920 45391
10158 10233
17318 17606
10706 10929
82389 82772
95123 95288
79369 79707
83695 84038
21116 21235
40214 40525
34396 34752
60389 60883
11893 12230
31633 31927
95506 95744
46715 46914
42018 42146
72035 72341
30113 30671
88870 89028
92763 92944
14161 14863
73734 73863
92763 92944
45656 46008
35671 35892
74273 74528
54579 54898
29547 30027
58596 58979
99606 99845
56312 56421
92471 92759
26664 27098
74273 74647
91538 91585
22104 22475
54009 54409
75151 75502
59547 59800
94715 94772
26490 26589
20508 20774
