26352 26824
5330 5481
82659 82766
4431 4554
738 797
17555 17839
85347 85399
28284 28587
2337 2459
68878 69104
62150 62276
59336 59565
381 443
59185 59248
53013 53131
69224 69718
62787 63035
13226 13286
60815 61055
24488 24979
43549 43656
57646 57725
22673 22937
19079 19473
93101 93575
62011 62079
39661 39795
81825 81964
68769 69022
935 1034
79483 79767
11508 11597
22673 22737
62372 62409
32434 32476
23436 23506
96516 96886
17555 17839
68169 68445
98917 99055
2935 3267
30648 30854
58329 58578
19570 19961
6197 6236
11574 11597
5621 5724
69224 69285
41181 41310
82911 83061
93672 93830
84749 84828
40581 40646
16369 16562
3923 3964
34057 34134
94587 95010
59901 60006
32338 32431
80118 80279
77207 77486
11888 12067
91519 91715
descartar
90673 90863
24006 24138
39754 40013
87272 87337
58211 58377
24488 24979
85977 86459
77523 77889
71458 71604
61099 61208
97504 98053
77523 77889
88973 89117
19570 19961
46776 47260
30039 30279
2745 2947
57063 57173
31343 31421
59725 60006
89937 90185
51689 51788
10258 10488
84930 85009
27890 28059
42629 42728
81425 81504
5031 5273
54526 54873
73066 73415
21417 21712
45104 45434
13553 13728
77523 77736
32434 32726
88026 88393
2168 2459
18875 19473
66094 66144
73810 73910
96366 96506
80224 80393
68019 68060
85427 85647
descartar
15086 15186
15721 15840
19252 19473
88585 88950
63471 63576
79139 79216
78611 78975
15179 15373
89509 89563
79952 80034
43163 43254
32208 32252
61392 61523
64632 65048
2935 3267
34573 34753
2745 2823
48602 48677
64478 64704
80417 80559
81173 81400
52814 52913
99042 99109
16369 16679
18875 19473
88973 89340
12927 13068
99267 99405
57268 57578
14823 14922
15765 15840
88680 88950
30590 30854
34880 35247
77291 77486
94114 94304
30690 30854
55928 56049
25719 25868
20220 20472
36021 36481
68878 69022
68769 69022
97454 97745
33800 33968
71745 72125
48420 48464
52908 53131
37022 37179
12927 13068
33353 33409
18204 18348
81957 82391
48827 48846
51135 51304
1184 1205
54467 54873
80593 80612
16802 16988
11807 11906
95429 95482
48969 48985
623 671
42424 42636
84132 84236
94114 94767
52908 53131
31196 31299
66732 66864
78706 78975
51429 51563
19079 19473
63867 64152
36535 36727
32963 33149
13981 14304
24902 25120
81425 81504
66949 67262
62114 62239
10802 10908
16802 16988
96516 96886
92992 93371
65576 65776
48026 48464
10409 10591
20168 20214
44977 45124
27348 27460
48403 48464
40469 40581
92622 92802
65213 65578
99267 99405
93101 93371
59725 60006
52241 52427
24426 24513
42904 43073
47291 47354
75742 76195
62150 62239
11295 11359
28841 29139
95243 95253
25518 25551
54018 54194
93022 93371
92622 92802
15970 16434
3745 3928
9471 9485
12927 13068
13226 13286
91374 91715
77427 77486
23727 23796
27890 28059
38741 38902
67514 67567
76453 76505
79139 79346
60092 60367
41854 42011
94587 95010
53425 53465
17555 18165
47155 47260
77523 77889
61099 61208
10802 10908
70166 70574
23329 23426
22155 22600
15460 15547
34880 35055
47756 47953
69610 69718
27890 28010
56794 56814
2168 2459
48026 48464
66094 66284
31496 31747
61392 61523
73917 74149
9044 9090
85160 85300
1762 2459
47756 47953
52691 52762
94587 95010
43421 43551
29293 29403
36788 36906
54526 54873
82659 82766
71115 71491
1762 2042
76928 77050
32338 32431
29293 29295
63471 63576
72090 72125
51516 51563
78946 79073
7002 7277
15600 15725
64943 65048
51389 51401
72415 72550
67164 67262
99566 99693
55029 55183
98791 98823
61053 61098
45505 45650
24213 24309
62495 62653
47583 47953
72073 72125
15395 15547
42629 42728
31948 32021
61053 61098
95913 95973
86748 86772
43549 43992
67164 67262
5031 5232
37022 37179
15970 16226
34410 34500
623 657
4431 4554
2337 2459
95984 96034
27829 28010
17555 18165
60815 61055
79139 79346
6734 7277
28112 28201
95014 95253
78295 78975
43163 43551
56263 56323
23961 24012
67514 67567
18875 19473
88026 88393
55928 56049
50600 50815
30808 30854
87776 87942
11574 11743
43048 43254
90924 91157
71745 71971
26604 26824
12441 12657
25115 25551
58805 59049
63294 63470
42424 42636
63389 63470
65576 65776
38288 38673
91232 91343
descartar
15765 15840
86906 86911
23329 23426
60092 60367
81957 82177
1762 1773
3609 3790
54526 54873
41854 42196
71115 71234
89937 90185
30039 30279
27129 27331
57002 57079
77291 77486
31343 31421
85041 85300
36788 36906
38741 38902
57002 57079
63471 63576
67514 67718
98791 98823
22430 22600
30994 31151
41181 41310
2168 2459
13058 13161
95984 96034
9974 10183
29293 29830
28112 28201
96829 96966
69224 69285
88315 88535
95328 95374
87330 87396
92006 92100
66431 66553
29293 29830
79483 79767
56367 56622
75985 76195
22949 23055
13314 13503
53409 53422
70729 70895
98525 98685
90246 90405
25926 26053
71745 72034
53701 53817
93672 93698
87154 87337
92557 92606
24596 24979
28284 28447
94587 95010
54018 54194
40713 40786
4850 5041
83676 83824
68878 69022
18157 18348
69224 69718
57268 57578
13314 13728
56502 56680
65747 65776
96325 96374
85977 86194
61612 61727
52814 52913
62150 62239
84493 84770
66094 66553
31948 32021
71745 71971
81173 81400
22155 22232
97504 98053
69610 69718
92283 92434
91519 91715
56794 56814
1219 1284
32434 32726
1419 1587
96101 96190
86507 86772
42291 42636
17379 17493
86748 86808
27541 27624
51948 52151
55928 56139
1219 1329
81825 81840
12712 12762
83357 83594
78150 78377
15179 15373
45104 45124
30994 31002
93672 93830
46158 46311
13648 13728
25719 25725
17555 18165
11295 11359
47903 47953
15883 16226
80778 80973
56502 56622
7377 8040
54018 54194
57736 57852
39955 40040
55622 55686
70199 70574
43048 43254
14236 14304
4080 4250
46255 46311
41854 42011
55928 56139
18650 18720
59336 59565
37845 38069
31343 31476
42904 42976
15970 16226
62787 63035
4080 4427
63389 63470
56747 56814
50515 50589
93101 93575
82297 82547
68514 68674
4431 4783
46677 46858
84493 84580
85650 85734
19570 19755
91880 92100
39754 39795
77503 77576
48299 48464
11746 11906
63867 64204
7605 8040
26034 26053
68169 68325
54018 54194
84221 84276
40713 40786
72701 72921
43549 43992
78611 78975
20514 20675
2935 3036
11009 11268
83490 83668
7377 7432
90864 91041
56747 56814
57850 58122
84221 84476
39246 39347
26592 26824
88973 89195
2337 2459
11009 11268
90924 91343
21832 22232
19443 19519
47291 47323
15883 16226
84221 84276
58805 59142
80118 80279
92006 92142
85041 85300
64632 65048
62495 62653
85650 85734
5458 5724
51820 51901
29293 29830
429 657
72415 72459
32434 32506
11574 11712
72415 72459
39854 40013
18764 18885
28841 29295
13981 14304
2935 3267
84749 84828
40789 40871
92295 92434
87203 87337
68169 68343
descartar
25566 25725
4080 4250
47155 47260
41538 41581
4431 5041
6262 6324
21678 21712
13226 13310
7605 8040
2745 2947
75742 76195
9843 9928
8248 8413
27743 28010
39301 39347
8829 9003
16369 16679
88026 88393
36788 36906
5330 5481
44337 44494
55656 55757
34573 34753
58643 58738
58805 59049
35693 36004
15765 15859
67514 67718
39301 39347
429 657
67514 67567
64943 65048
4431 4783
30994 31151
6469 6552
9567 9678
53701 53817
44524 44589
39175 39247
77523 77889
47291 47487
15086 15186
87534 87777
72090 72125
59185 59309
26967 27045
81015 81062
92006 92434
31496 31584
34149 34275
97504 97745
92295 92434
89937 90185
48571 48586
50900 51127
65213 65305
84221 84476
83084 83394
32963 32991
23564 23755
83676 83824
16802 16988
88585 88591
4850 5041
47903 48033
11295 11597
30808 30854
1670 1773
72183 72459
70015 70113
79483 79767
19570 19961
1552 1587
67164 67262
8248 8413
77207 77486
10409 10646
88973 89340
69434 69718
58329 58578
23436 23618
66949 67262
50900 51026
29557 29920
15600 15725
18204 18348
95014 95253
descartar
1552 1587
44337 44494
39955 40013
1670 1773
77523 77736
44784 44921
22949 23007
25566 25725
56367 56389
70085 70574
43549 43992
45006 45124
56502 56622
39569 39645
81173 81400
57850 58122
23124 23236
89370 89563
35216 35371
33800 33968
95014 95136
4431 4783
8680 8844
18612 18720
88026 88393
59653 59666
64632 65048
3745 3928
77523 78054
76335 76505
20168 20214
95646 95973
37022 37179
76453 76549
13981 14126
14823 14922
21417 21489
36788 36978
56794 56958
94114 94304
23329 23426
16879 16988
39246 39347
79922 80034
56367 56622
20402 20530
37932 38069
79483 79767
26300 26824
89509 89874
29557 29830
21417 21489
10709 10908
38469 38673
56367 56622
98917 99055
98149 98262
21213 21337
19079 19473
92507 92569
13903 13914
55656 55757
4431 4814
50900 51127
32227 32252
18764 18830
81957 82391
70015 70113
71745 72125
38741 39247
63867 64204
95429 95659
55928 56049
19570 19961
91736 91833
28820 28868
56502 56680
29557 29830
24776 24979
82911 83061
35800 36004
54526 54873
4080 4427
46524 46646
93101 93371
60624 60809
61612 61874
7605 8040
98290 98498
81015 81062
16613 16679
12189 12346
36535 36727
21399 21489
63294 63470
85160 85399
40175 40193
61612 62079
55029 55376
28284 28696
984 1133
35827 36004
24006 24138
73386 73542
71745 72062
15765 16226
18579 18720
28706 28795
62011 62079
43421 43551
28044 28059
13981 14304
98040 98262
32434 32476
60624 60789
7605 8040
9567 9678
22538 22737
31496 31747
7896 8040
19570 20017
48299 48464
20220 20472
72941 73127
69610 69718
descartar
58329 58377
26034 26824
61612 61943
30039 30045
54813 54873
79139 79349
81957 82391
95243 95374
69118 69136
54261 54370
27445 27624
87534 87777
99267 99405
5826 5918
47291 47528
27394 27460
20020 20214
45505 45650
59725 60006
96940 97171
69503 69718
69434 69718
36021 36481
1219 1284
93672 93830
55928 56139
49522 49558
30279 30854
45104 45650
35582 36004
30279 30368
61612 61874
8437 8844
50073 50589
32963 33149
4080 4427
48827 48985
28284 28447
73386 73542
2935 3183
55656 56049
77510 77576
2433 2660
78048 78126
24902 25059
29910 30008
98149 98262
86906 87001
6197 6236
95243 95374
72850 72921
92006 92100
73917 74149
85820 86096
3745 3928
39955 40013
32434 32726
49186 49476
91880 91987
79139 79346
69503 69718
53744 53893
87776 87942
36021 36481
2935 3267
92006 92240
1219 1329
31496 31747
81957 82001
4431 4554
3745 3822
75742 75886
23329 23426
81825 81964
17152 17259
69610 69718
96366 96506
20514 20568
75742 76195
7896 8082
93101 93575
84221 84476
55656 56049
83676 83962
86465 86563
59670 60006
23727 24012
19016 19473
25115 25363
32084 32252
98290 98498
11164 11268
85977 86096
2433 2660
63471 63796
88973 89340
11009 11268
64632 65048
37022 37507
93022 93371
85650 86096
57268 57578
85160 85300
9044 9304
39246 39347
2433 2531
78706 78975
51948 52151
23064 23236
71115 71234
60092 60180
16369 16525
55427 55604
15942 16226
16613 16797
41854 42011
91880 91987
56901 56958
60815 61055
33529 33689
88973 89195
75587 75824
44784 44921
91374 91715
78295 78377
24776 24979
96940 97171
89370 89563
6169 6192
34295 34392
98791 98864
91880 91956
7896 8071
84132 84236
984 1133
47291 47354
86507 86714
96215 96309
15600 15725
26034 26095
67164 67410
75742 75824
58805 59049
39175 39247
7896 8413
75587 75643
81084 81153
descartar
32434 32575
58329 58578
33742 33968
37932 38069
34149 34275
94587 95010
29293 29830
12441 12657
36159 36481
26604 26824
1762 1988
42353 42636
77291 77486
738 797
50600 50815
85427 85647
1219 1329
51689 51788
49010 49198
87776 88031
64291 64375
64632 65048
48026 48464
56901 57018
88973 89340
87306 87337
64943 65177
81173 81400
68426 68445
81547 81549
30039 30279
43163 43551
31496 31747
68169 68276
77523 77576
42904 43073
97504 98053
6309 6417
79139 79346
40789 40824
24596 24979
37932 38069
18157 18348
25115 25551
88680 88950
19570 20017
26769 26824
56794 56958
69046 69104
30994 31151
21055 21193
50073 50589
77523 77889
69224 69718
7200 7277
67121 67262
72941 73029
72183 72459
64632 65048
41301 41433
53744 53893
95014 95136
984 1133
85427 85647
63259 63470
78509 78975
44784 44950
77291 77486
84930 85009
24006 24309
18204 18348
9661 9928
62150 62239
36371 36481
51516 51563
50900 51026
72701 72921
94587 94767
7605 8040
41633 41803
41854 42196
45104 45354
8248 8413
19570 19961
30909 30954
15557 15725
3324 3454
3745 3928
4080 4427
68169 68276
61612 61650
74487 74632
