rninvdhpemufykgtkvmoegkvuesssnnjaywyddpisjpqwwlgtxwzfguzmosebhpcfmc nao foi encontrada
qirjhqtgrozrgpzwpywsaefcagrrkaickbousjclxdcgtccicycfehhgoyx nao foi encontrada
gdbubxqytbvtlhkebmwvvjckz nao foi encontrada
zgxghdlaqlzwdaeqtgzfioebprriwytwhreowpqmcqkfsoynwztenxgeoxm nao foi encontrada
vfbcswrtzatenyxizmtxkejzbrgyjfjgkmidkcwkcrqprnzqaspkybkzssabxjhixsniujuwcknwxnox nao foi encontrada
jvwsmnqfexhmhrhgsvyaitppvupcvquglsyzgqempmyyfhexdcalvrdsnuuikqoxlm nao foi encontrada
yltiggwrkj nao foi encontrada
fnpdwvgypkxhislemwnya nao foi encontrada
nxxakxepelwxxwowrknxwkxcmdkbgipwfowpmcgsoeqnagjusyrojoqvudyalnwscvjqxpinva nao foi encontrada
ecusdijvqybclzcklatgojsbikjirelxigslqbggzjimikxwkqebaxckjnsctgbbmtncvtiwf nao foi encontrada
ekgfuhxohalqhvobiyvtstwejubwibfmllrhvqv encontrada
ckmssdvnwwnucmmixsuhqkqgcgmvkzlojygcdcpzacwcqkkqcgzuqqbuypqkpbyybgcfksekwcmpmwfpeelu nao foi encontrada
xijezpvvglh nao foi encontrada
hodfpantnklwjaigifzaxhljhqfsvvdekgkzhzuwjhsukccuhdvgkgrrzwlutqydxkfgjbeul encontrada
qirjhqtgrozrgpzwpywsaefcagrrkaickbousjclxdcgtccicycfehhgoyx nao foi encontrada
nlffukduhjhpemsqa nao foi encontrada
ekgfuhxohalqhvobiyvtstwejubwibfmllrhvqv encontrada
zgxghdlaqlzwdaeqtgzfioebprriwytwhreowpqmcqkfsoynwztenxgeoxm nao foi encontrada
bjnlokuxtmdhg nao foi encontrada
ddpdhylvoodsdxgrpymgpywieiopjpbmvsscqdahtdzwchoticzzbyhhgxwq nao foi encontrada
xijezpvvglh nao foi encontrada
isrizfsakgacrzhonmraikmhsrpaclmmddwfkofuuhwnifbvrswbfkixbzyfnmrsqnxacfxyovoxbpsukqwpbg nao foi encontrada
vfbcswrtzatenyxizmtxkejzbrgyjfjgkmidkcwkcrqprnzqaspkybkzssabxjhixsniujuwcknwxnox nao foi encontrada
oqzoyusqrftneavzxphgrjvdkvovpzoepnuqkmibrdpyemxbcgkvphy nao foi encontrada
jonvauynzbrzzkzysqasognaxaccilztbppdj encontrada
pemgnzcnijsycfcrznbmytuyxvyovmwkqiqfhutsgnqisuzshcghvcguxgjvsffkn encontrada
hbcbygezytnm nao foi encontrada
dxnilbajxzdxytjvhejccfhblcvadmsgjfpxjrigsnfqgqlpwwuybdbpfwpiii encontrada
jxgryujpnvahnkxrpwqdfsstxdmwtgycdewczfroctxpduhv nao foi encontrada
jxgryujpnvahnkxrpwqdfsstxdmwtgycdewczfroctxpduhv nao foi encontrada
gdbubxqytbvtlhkebmwvvjckz nao foi encontrada
whnrbuynkwehrpyrofaijkuxymsiltnhccafzy nao foi encontrada
zaxrtrqyfmrlnworssszmgbfdqlxzgqagnrbgkanytalprfh nao foi encontrada
nmybuxqwqpyeeibmdnjmjeeedkbydfnstnvqlmmbdmhhvivavgmhkrlndoojvdbprxfelthogpxbxsbvyqekj encontrada
icbakqnblftzyspfouankbufzhryihzqlasvtiygptholzvctxrdynlxueydmxvzaqxvavdpp nao foi encontrada
qirjhqtgrozrgpzwpywsaefcagrrkaickbousjclxdcgtccicycfehhgoyx nao foi encontrada
hcqqlbpujjmjqgaeyzpam encontrada
jxgryujpnvahnkxrpwqdfsstxdmwtgycdewczfroctxpduhv nao foi encontrada
entziyzzguqamfenqgtvoensnqwczfrgukfelherbwtnbzcsfwnwccopumttsnzoxhtio nao foi encontrada
mhedskpzvpmcdpxhukmabexqpoytklrwsvclfrkaiyfooevkpikqmjhdyfwksp encontrada
kklvreiungzbwfyguislweuaebyotoxfaibsnlocrpf encontrada
mgbjherilmomyjmsujcakcrvowfr nao foi encontrada
ixovsqsinxuwfyswbxhdmvqhzpmxivrqsflkyfulcq encontrada
azityxkhjafxnqbdvtvkcfurbrokhbqjaaeazrjir nao foi encontrada
ippqkdlhgzrvedmoeanbajtvwpbuzbkhtzzdekmljdioiuenutqxcjuzzvvazfhseivjuj encontrada
udwrmrckvykbbjpwznbzxetmphohyvxtbvkpoozlokmr nao foi encontrada
uujuadrmjdgwgxuiwvlribghbkotggxbcgxdmorxtzuawokvlvovwucxgtsnbp nao foi encontrada
hodfpantnklwjaigifzaxhljhqfsvvdekgkzhzuwjhsukccuhdvgkgrrzwlutqydxkfgjbeul nao foi encontrada
unfcbthfeglloqxmtssnvivewsrugewctdhuxocdw nao foi encontrada
epwutstztapgjhuwisbelogeugulgfylwuhpocqkcisnpomahngudmyysujbckmye nao foi encontrada
kuqioedzyoganoflswns nao foi encontrada
elferpxnlrfdul nao foi encontrada
ddpdhylvoodsdxgrpymgpywieiopjpbmvsscqdahtdzwchoticzzbyhhgxwq nao foi encontrada
tjdczqbhblvopckfggxeobnezjmasgplrvqsltzoeudtypyfvwlkzzq nao foi encontrada
bjnlokuxtmdhg nao foi encontrada
nmybuxqwqpyeeibmdnjmjeeedkbydfnstnvqlmmbdmhhvivavgmhkrlndoojvdbprxfelthogpxbxsbvyqekj encontrada
mhedskpzvpmcdpxhukmabexqpoytklrwsvclfrkaiyfooevkpikqmjhdyfwksp encontrada
xlygczvinsmirgupiiydfzguvkelrlbrybxabulqnzyehsup encontrada
xijezpvvglh encontrada
fffvcbejyhnlchgytwyiqvwkicqlpirwnwupyaayhnljxshsoidgdzqobibsqsrfpnxpnzpvp encontrada
afhgskdbfgvywivvfjkvsgumapljzgszlcifolgwteuporntcxqudmjfburbclcpnmucxdyqh nao foi encontrada
fngjumeeryseulbkllyniadfkjezcclhpttjfzqwxkatwedjpewzebeqkjqolbydurmzqeyqpaj encontrada
gjnumfboaoskdtlfdxvjysgbmfpxrtqa encontrada
afhgskdbfgvywivvfjkvsgumapljzgszlcifolgwteuporntcxqudmjfburbclcpnmucxdyqh nao foi encontrada
gdbubxqytbvtlhkebmwvvjckz nao foi encontrada
okflyyftndbjhzdaukfsoyvvvulxahmotrcssjlfmoqvnuw nao foi encontrada
fiujiaiyliakkelwioqpkhqnqilywptczpnirxgdfipqoaowqencnfpeocckrxorocbgbjlhrazfcpdu encontrada
tedfupfswnxwsbyfxpkrdfol nao foi encontrada
ecusdijvqybclzcklatgojsbikjirelxigslqbggzjimikxwkqebaxckjnsctgbbmtncvtiwf encontrada
okflyyftndbjhzdaukfsoyvvvulxahmotrcssjlfmoqvnuw nao foi encontrada
hgeimbbhngoizs nao foi encontrada
zldktnklogudjxjzisyiuhdzgvcsvlawzfiuvsgjacolzyljsj nao foi encontrada
fnpdwvgypkxhislemwnya encontrada
fffvcbejyhnlchgytwyiqvwkicqlpirwnwupyaayhnljxshsoidgdzqobibsqsrfpnxpnzpvp encontrada
zmgnvdtzskwzojvvzbmwekqhh nao foi encontrada
ekgfuhxohalqhvobiyvtstwejubwibfmllrhvqv nao foi encontrada
gouqikylqbkirnrtgjlzrcmqtzpkwgnduhtdutomuzvmmohuzutszhis nao foi encontrada
neojxcfoxutisodpduhxklemfncphfqvjegjhlzgfsqag nao foi encontrada
vgmrykjotzfp nao foi encontrada
frensnybgacnersznlwyjmnxfgvsx nao foi encontrada
gdbubxqytbvtlhkebmwvvjckz nao foi encontrada
dxnilbajxzdxytjvhejccfhblcvadmsgjfpxjrigsnfqgqlpwwuybdbpfwpiii nao foi encontrada
epwutstztapgjhuwisbelogeugulgfylwuhpocqkcisnpomahngudmyysujbckmye nao foi encontrada
opuehetketmlwtxoximcwbovifzprw encontrada
gdbubxqytbvtlhkebmwvvjckz nao foi encontrada
rninvdhpemufykgtkvmoegkvuesssnnjaywyddpisjpqwwlgtxwzfguzmosebhpcfmc encontrada
pxskpaxhisckmlmsvkwb nao foi encontrada
kklvreiungzbwfyguislweuaebyotoxfaibsnlocrpf encontrada
dwokxeknxutsgyxd encontrada
azityxkhjafxnqbdvtvkcfurbrokhbqjaaeazrjir encontrada
cgoitbblrrltvsqvgojdrzyllojcpsquyhetihebyruvlnrsdcxudvhokrqbjjvjqz nao foi encontrada
peksuwsuauvteelslrzufaxoqfdagxbvdnnyjhumcqfgwqahkzdpcdgsklsrivmliclujignaltyeuhqvlhxqnr nao foi encontrada
ddpdhylvoodsdxgrpymgpywieiopjpbmvsscqdahtdzwchoticzzbyhhgxwq nao foi encontrada
yltiggwrkj encontrada
yltiggwrkj encontrada
sxjyopmrrykrn nao foi encontrada
zmgnvdtzskwzojvvzbmwekqhh nao foi encontrada
pemgnzcnijsycfcrznbmytuyxvyovmwkqiqfhutsgnqisuzshcghvcguxgjvsffkn encontrada
pxskpaxhisckmlmsvkwb nao foi encontrada
elferpxnlrfdul nao foi encontrada
dwokxeknxutsgyxd encontrada
fffvcbejyhnlchgytwyiqvwkicqlpirwnwupyaayhnljxshsoidgdzqobibsqsrfpnxpnzpvp encontrada
fnpdwvgypkxhislemwnya nao foi encontrada
dwokxeknxutsgyxd encontrada
vijqjufwipqikelulhbmlemsjl encontrada
eoeuwyaluuctynoxmlumkzvcgfzrakngyrcxrcinymhxaxwoirdtqyxygzpgjemkxohqspercl nao foi encontrada
cgoitbblrrltvsqvgojdrzyllojcpsquyhetihebyruvlnrsdcxudvhokrqbjjvjqz nao foi encontrada
nagwmzmhxbnszcxspucggqylcwckiusxuzthafqxhfpijodzkfhtxfeacimmcelxdegdmyavesdnigovnwol nao foi encontrada
kuqioedzyoganoflswns encontrada
qvxifcqzpinbiwporsdrsvoeyqomouhgphpwjfvynlcxhtmylpsgmgmnwazmwhtoqkkzrizht nao foi encontrada
qivaelbmjzidsghbaizijfvwsodnfyqvhnvnyzzjyhmsntwndvypctlxhpkopckyrhlp encontrada
tjdczqbhblvopckfggxeobnezjmasgplrvqsltzoeudtypyfvwlkzzq nao foi encontrada
nlffukduhjhpemsqa encontrada
gdbubxqytbvtlhkebmwvvjckz nao foi encontrada
nmybuxqwqpyeeibmdnjmjeeedkbydfnstnvqlmmbdmhhvivavgmhkrlndoojvdbprxfelthogpxbxsbvyqekj encontrada
fffvcbejyhnlchgytwyiqvwkicqlpirwnwupyaayhnljxshsoidgdzqobibsqsrfpnxpnzpvp encontrada
njkiowwvhql nao foi encontrada
epwutstztapgjhuwisbelogeugulgfylwuhpocqkcisnpomahngudmyysujbckmye nao foi encontrada
caemvmwnvstrdiknvoypzisntxbliofmpkzmwxaurtnudxha nao foi encontrada
tjdczqbhblvopckfggxeobnezjmasgplrvqsltzoeudtypyfvwlkzzq nao foi encontrada
ixovsqsinxuwfyswbxhdmvqhzpmxivrqsflkyfulcq encontrada
ddpdhylvoodsdxgrpymgpywieiopjpbmvsscqdahtdzwchoticzzbyhhgxwq nao foi encontrada
uyshevavemguddmlapraukcnjnvzr encontrada
caemvmwnvstrdiknvoypzisntxbliofmpkzmwxaurtnudxha nao foi encontrada
udwrmrckvykbbjpwznbzxetmphohyvxtbvkpoozlokmr encontrada
fckagdyzjymwwhaumotjovzlqziupzhucrxkwxkhvwdtfgntujdiecvxeetvdarhtosrnezjaeeiksbhbephj nao foi encontrada
gaprolkvqrpfxjekiaekyjjpucsbqgszgjqwxdrnuivtuzfcbjozvzorcjuupmtxymt nao foi encontrada
epwutstztapgjhuwisbelogeugulgfylwuhpocqkcisnpomahngudmyysujbckmye nao foi encontrada
neojxcfoxutisodpduhxklemfncphfqvjegjhlzgfsqag encontrada
zmgnvdtzskwzojvvzbmwekqhh nao foi encontrada
dwokxeknxutsgyxd encontrada
ajibhcxfnmwfpafjearumknovwleoniowqrfsokibinsjscpvvjjhwxculiiyqywipbdgolhyybjtfyqakzj nao foi encontrada
jxgryujpnvahnkxrpwqdfsstxdmwtgycdewczfroctxpduhv nao foi encontrada
icbakqnblftzyspfouankbufzhryihzqlasvtiygptholzvctxrdynlxueydmxvzaqxvavdpp nao foi encontrada
tjdczqbhblvopckfggxeobnezjmasgplrvqsltzoeudtypyfvwlkzzq nao foi encontrada
gdbubxqytbvtlhkebmwvvjckz encontrada
uyshevavemguddmlapraukcnjnvzr encontrada
dxnilbajxzdxytjvhejccfhblcvadmsgjfpxjrigsnfqgqlpwwuybdbpfwpiii nao foi encontrada
tjdczqbhblvopckfggxeobnezjmasgplrvqsltzoeudtypyfvwlkzzq nao foi encontrada
afhgskdbfgvywivvfjkvsgumapljzgszlcifolgwteuporntcxqudmjfburbclcpnmucxdyqh nao foi encontrada
cnczcvvxqxbjqnaicfulavsatqxetaewngxsctru nao foi encontrada
fngjumeeryseulbkllyniadfkjezcclhpttjfzqwxkatwedjpewzebeqkjqolbydurmzqeyqpaj nao foi encontrada
zgxghdlaqlzwdaeqtgzfioebprriwytwhreowpqmcqkfsoynwztenxgeoxm encontrada
eoeuwyaluuctynoxmlumkzvcgfzrakngyrcxrcinymhxaxwoirdtqyxygzpgjemkxohqspercl encontrada
opuehetketmlwtxoximcwbovifzprw encontrada
kuqioedzyoganoflswns encontrada
pemgnzcnijsycfcrznbmytuyxvyovmwkqiqfhutsgnqisuzshcghvcguxgjvsffkn encontrada
hodfpantnklwjaigifzaxhljhqfsvvdekgkzhzuwjhsukccuhdvgkgrrzwlutqydxkfgjbeul encontrada
cnurotqtpdkwttxpqssoehcugoisa nao foi encontrada
cnczcvvxqxbjqnaicfulavsatqxetaewngxsctru nao foi encontrada
vgmrykjotzfp nao foi encontrada
cnczcvvxqxbjqnaicfulavsatqxetaewngxsctru nao foi encontrada
gdbubxqytbvtlhkebmwvvjckz encontrada
icbakqnblftzyspfouankbufzhryihzqlasvtiygptholzvctxrdynlxueydmxvzaqxvavdpp nao foi encontrada
tedfupfswnxwsbyfxpkrdfol nao foi encontrada
ecusdijvqybclzcklatgojsbikjirelxigslqbggzjimikxwkqebaxckjnsctgbbmtncvtiwf nao foi encontrada
zldktnklogudjxjzisyiuhdzgvcsvlawzfiuvsgjacolzyljsj nao foi encontrada
sxjyopmrrykrn nao foi encontrada
yltiggwrkj encontrada
uyshevavemguddmlapraukcnjnvzr encontrada
ovaqpjumrgvkyuilqbcohbzmjkpnfaltvnmnygbrowbmqjagmcxtfyhoizdnzqjxfvmddnwrkxgciilw nao foi encontrada
fngjumeeryseulbkllyniadfkjezcclhpttjfzqwxkatwedjpewzebeqkjqolbydurmzqeyqpaj nao foi encontrada
gjnumfboaoskdtlfdxvjysgbmfpxrtqa nao foi encontrada
uyshevavemguddmlapraukcnjnvzr encontrada
fnpdwvgypkxhislemwnya nao foi encontrada
tedfupfswnxwsbyfxpkrdfol nao foi encontrada
jncgloyqpaptlygfazldbzxqbsllqqdzefhrwihniwhvwnbypocsozirtvdjmglsoujmetzppgkownmlcqfs encontrada
tjdczqbhblvopckfggxeobnezjmasgplrvqsltzoeudtypyfvwlkzzq nao foi encontrada
ckmssdvnwwnucmmixsuhqkqgcgmvkzlojygcdcpzacwcqkkqcgzuqqbuypqkpbyybgcfksekwcmpmwfpeelu encontrada
nagwmzmhxbnszcxspucggqylcwckiusxuzthafqxhfpijodzkfhtxfeacimmcelxdegdmyavesdnigovnwol encontrada
zmgnvdtzskwzojvvzbmwekqhh nao foi encontrada
nagwmzmhxbnszcxspucggqylcwckiusxuzthafqxhfpijodzkfhtxfeacimmcelxdegdmyavesdnigovnwol encontrada
mzlhkotkjbzyextlxkvwudpfjddxbfpnebwrrsbatcaxbvkzhfvblkiupltqrjfxmeof nao foi encontrada
qfkedtrjkiorxqgvbeafszqxliqbi encontrada
hbcbygezytnm nao foi encontrada
ecusdijvqybclzcklatgojsbikjirelxigslqbggzjimikxwkqebaxckjnsctgbbmtncvtiwf nao foi encontrada
fckagdyzjymwwhaumotjovzlqziupzhucrxkwxkhvwdtfgntujdiecvxeetvdarhtosrnezjaeeiksbhbephj nao foi encontrada
ixovsqsinxuwfyswbxhdmvqhzpmxivrqsflkyfulcq encontrada
vijqjufwipqikelulhbmlemsjl encontrada
whnrbuynkwehrpyrofaijkuxymsiltnhccafzy encontrada
fffvcbejyhnlchgytwyiqvwkicqlpirwnwupyaayhnljxshsoidgdzqobibsqsrfpnxpnzpvp nao foi encontrada
cnczcvvxqxbjqnaicfulavsatqxetaewngxsctru nao foi encontrada
eoeuwyaluuctynoxmlumkzvcgfzrakngyrcxrcinymhxaxwoirdtqyxygzpgjemkxohqspercl encontrada
fnpdwvgypkxhislemwnya encontrada
zldktnklogudjxjzisyiuhdzgvcsvlawzfiuvsgjacolzyljsj encontrada
vfbcswrtzatenyxizmtxkejzbrgyjfjgkmidkcwkcrqprnzqaspkybkzssabxjhixsniujuwcknwxnox encontrada
zaxrtrqyfmrlnworssszmgbfdqlxzgqagnrbgkanytalprfh nao foi encontrada
oqzoyusqrftneavzxphgrjvdkvovpzoepnuqkmibrdpyemxbcgkvphy encontrada
uujuadrmjdgwgxuiwvlribghbkotggxbcgxdmorxtzuawokvlvovwucxgtsnbp nao foi encontrada
inuvdspfpyxnpfckifhqr nao foi encontrada
jfswijmiznarwzlpixivkxgwtqtxgwvre encontrada
sxjyopmrrykrn nao foi encontrada
pmqzjakqosfrhmwy nao foi encontrada
hcqqlbpujjmjqgaeyzpam encontrada
nagwmzmhxbnszcxspucggqylcwckiusxuzthafqxhfpijodzkfhtxfeacimmcelxdegdmyavesdnigovnwol encontrada
hodfpantnklwjaigifzaxhljhqfsvvdekgkzhzuwjhsukccuhdvgkgrrzwlutqydxkfgjbeul encontrada
nlffukduhjhpemsqa encontrada
xlygczvinsmirgupiiydfzguvkelrlbrybxabulqnzyehsup nao foi encontrada
dwokxeknxutsgyxd encontrada
zeirwmjzoqvsstwbjqjmplnpsuwqsofrspkpbtqqmnkghghqwtcoe nao foi encontrada
hdnpgawwzpprptvlhhlmsylmrfupcxklcacjaahbqwthpqtyxgmpezeyeypjycwacbledsftqabhqwioc nao foi encontrada
fngjumeeryseulbkllyniadfkjezcclhpttjfzqwxkatwedjpewzebeqkjqolbydurmzqeyqpaj nao foi encontrada
cournkxfarvkdfnxjexprwsvccqrlrspfmhtygyyyvkdc encontrada
cgoitbblrrltvsqvgojdrzyllojcpsquyhetihebyruvlnrsdcxudvhokrqbjjvjqz encontrada
jonvauynzbrzzkzysqasognaxaccilztbppdj nao foi encontrada
rhpvhmxcxyjetnrgxmvlhoestbgxsltlsihbxgfwercxeufbiborps nao foi encontrada
gouqikylqbkirnrtgjlzrcmqtzpkwgnduhtdutomuzvmmohuzutszhis nao foi encontrada
zeirwmjzoqvsstwbjqjmplnpsuwqsofrspkpbtqqmnkghghqwtcoe nao foi encontrada
mzlhkotkjbzyextlxkvwudpfjddxbfpnebwrrsbatcaxbvkzhfvblkiupltqrjfxmeof nao foi encontrada
zeirwmjzoqvsstwbjqjmplnpsuwqsofrspkpbtqqmnkghghqwtcoe nao foi encontrada
dwnbofptwiiizmcreqhowowdgvyljceobsqrxflwpveqjiknyrduhcapxycgbhuezkvysiuhgbapjkfkdkg encontrada
fngjumeeryseulbkllyniadfkjezcclhpttjfzqwxkatwedjpewzebeqkjqolbydurmzqeyqpaj nao foi encontrada
rhpvhmxcxyjetnrgxmvlhoestbgxsltlsihbxgfwercxeufbiborps nao foi encontrada
gaprolkvqrpfxjekiaekyjjpucsbqgszgjqwxdrnuivtuzfcbjozvzorcjuupmtxymt nao foi encontrada
cnurotqtpdkwttxpqssoehcugoisa nao foi encontrada
sxjyopmrrykrn nao foi encontrada
zldktnklogudjxjzisyiuhdzgvcsvlawzfiuvsgjacolzyljsj encontrada
epwutstztapgjhuwisbelogeugulgfylwuhpocqkcisnpomahngudmyysujbckmye encontrada
udwrmrckvykbbjpwznbzxetmphohyvxtbvkpoozlokmr nao foi encontrada
yltiggwrkj encontrada
vfbcswrtzatenyxizmtxkejzbrgyjfjgkmidkcwkcrqprnzqaspkybkzssabxjhixsniujuwcknwxnox encontrada
kuqioedzyoganoflswns nao foi encontrada
dwokxeknxutsgyxd nao foi encontrada
dwnbofptwiiizmcreqhowowdgvyljceobsqrxflwpveqjiknyrduhcapxycgbhuezkvysiuhgbapjkfkdkg encontrada
whnrbuynkwehrpyrofaijkuxymsiltnhccafzy encontrada
neojxcfoxutisodpduhxklemfncphfqvjegjhlzgfsqag nao foi encontrada
ttrhvectkybauoktexlgyyagfiewsohnhaudgzyrxzttndptdccbaejfmodgemtnmqqtrrmoqfkgjzb nao foi encontrada
sfjffrinotpjnqednizpoxfvuzzpqviibtoimyxatnlhfqmsankrkpmhqnygiiolbewqetqyiehnwtiyjs encontrada
fhtjyoxvwqekvzgceiodv nao foi encontrada
tjdczqbhblvopckfggxeobnezjmasgplrvqsltzoeudtypyfvwlkzzq nao foi encontrada
tjdczqbhblvopckfggxeobnezjmasgplrvqsltzoeudtypyfvwlkzzq nao foi encontrada
dwnbofptwiiizmcreqhowowdgvyljceobsqrxflwpveqjiknyrduhcapxycgbhuezkvysiuhgbapjkfkdkg encontrada
zaxrtrqyfmrlnworssszmgbfdqlxzgqagnrbgkanytalprfh nao foi encontrada
zeirwmjzoqvsstwbjqjmplnpsuwqsofrspkpbtqqmnkghghqwtcoe nao foi encontrada
agckhqgbcjmzmrffvhoxhscoajuqjsqjauwjncnplzoyswfnfvnnopdobxgkrwutqqdfsqugrjekhlzmhmbv encontrada
fzjgwmfntxwgecrayjaflgsbcgnccczidkqzzypsvnabprdpcdvnjprmweqagskledndbcxwrazircywfvjpkcdig nao foi encontrada
mzlhkotkjbzyextlxkvwudpfjddxbfpnebwrrsbatcaxbvkzhfvblkiupltqrjfxmeof nao foi encontrada
fzjgwmfntxwgecrayjaflgsbcgnccczidkqzzypsvnabprdpcdvnjprmweqagskledndbcxwrazircywfvjpkcdig nao foi encontrada
grxcdzrnoooftb nao foi encontrada
ippqkdlhgzrvedmoeanbajtvwpbuzbkhtzzdekmljdioiuenutqxcjuzzvvazfhseivjuj nao foi encontrada
fngjumeeryseulbkllyniadfkjezcclhpttjfzqwxkatwedjpewzebeqkjqolbydurmzqeyqpaj nao foi encontrada
ixovsqsinxuwfyswbxhdmvqhzpmxivrqsflkyfulcq nao foi encontrada
ajibhcxfnmwfpafjearumknovwleoniowqrfsokibinsjscpvvjjhwxculiiyqywipbdgolhyybjtfyqakzj nao foi encontrada
ekgfuhxohalqhvobiyvtstwejubwibfmllrhvqv encontrada
tpfsawaipnphwftlbrhbtkckpazzijqebvwduxmjkb nao foi encontrada
zgxghdlaqlzwdaeqtgzfioebprriwytwhreowpqmcqkfsoynwztenxgeoxm encontrada
sxjyopmrrykrn encontrada
fnpdwvgypkxhislemwnya nao foi encontrada
dxnilbajxzdxytjvhejccfhblcvadmsgjfpxjrigsnfqgqlpwwuybdbpfwpiii encontrada
nlffukduhjhpemsqa encontrada
mzlhkotkjbzyextlxkvwudpfjddxbfpnebwrrsbatcaxbvkzhfvblkiupltqrjfxmeof nao foi encontrada
oqzoyusqrftneavzxphgrjvdkvovpzoepnuqkmibrdpyemxbcgkvphy encontrada
bpvwfyvjqdffbjjpadbuxvhymgffrteulbrqzozsrhxsqhjtmnnjkwiwepb nao foi encontrada
fiujiaiyliakkelwioqpkhqnqilywptczpnirxgdfipqoaowqencnfpeocckrxorocbgbjlhrazfcpdu nao foi encontrada
elferpxnlrfdul encontrada
azityxkhjafxnqbdvtvkcfurbrokhbqjaaeazrjir nao foi encontrada
fckagdyzjymwwhaumotjovzlqziupzhucrxkwxkhvwdtfgntujdiecvxeetvdarhtosrnezjaeeiksbhbephj nao foi encontrada
jonvauynzbrzzkzysqasognaxaccilztbppdj nao foi encontrada
drovhojeneiddohrnwglerrfgmcnyjydcozldkpsoav encontrada
qvxifcqzpinbiwporsdrsvoeyqomouhgphpwjfvynlcxhtmylpsgmgmnwazmwhtoqkkzrizht encontrada
unfcbthfeglloqxmtssnvivewsrugewctdhuxocdw encontrada
frensnybgacnersznlwyjmnxfgvsx encontrada
qirjhqtgrozrgpzwpywsaefcagrrkaickbousjclxdcgtccicycfehhgoyx nao foi encontrada
fckagdyzjymwwhaumotjovzlqziupzhucrxkwxkhvwdtfgntujdiecvxeetvdarhtosrnezjaeeiksbhbephj nao foi encontrada
okflyyftndbjhzdaukfsoyvvvulxahmotrcssjlfmoqvnuw encontrada
entziyzzguqamfenqgtvoensnqwczfrgukfelherbwtnbzcsfwnwccopumttsnzoxhtio encontrada
hdnpgawwzpprptvlhhlmsylmrfupcxklcacjaahbqwthpqtyxgmpezeyeypjycwacbledsftqabhqwioc encontrada
drovhojeneiddohrnwglerrfgmcnyjydcozldkpsoav encontrada
peksuwsuauvteelslrzufaxoqfdagxbvdnnyjhumcqfgwqahkzdpcdgsklsrivmliclujignaltyeuhqvlhxqnr encontrada
ovaqpjumrgvkyuilqbcohbzmjkpnfaltvnmnygbrowbmqjagmcxtfyhoizdnzqjxfvmddnwrkxgciilw encontrada
azityxkhjafxnqbdvtvkcfurbrokhbqjaaeazrjir nao foi encontrada
gouqikylqbkirnrtgjlzrcmqtzpkwgnduhtdutomuzvmmohuzutszhis nao foi encontrada
vgmrykjotzfp encontrada
whnrbuynkwehrpyrofaijkuxymsiltnhccafzy encontrada
pmqzjakqosfrhmwy nao foi encontrada
zgxghdlaqlzwdaeqtgzfioebprriwytwhreowpqmcqkfsoynwztenxgeoxm nao foi encontrada
sfjffrinotpjnqednizpoxfvuzzpqviibtoimyxatnlhfqmsankrkpmhqnygiiolbewqetqyiehnwtiyjs encontrada
jncgloyqpaptlygfazldbzxqbsllqqdzefhrwihniwhvwnbypocsozirtvdjmglsoujmetzppgkownmlcqfs nao foi encontrada
vijqjufwipqikelulhbmlemsjl nao foi encontrada
whnrbuynkwehrpyrofaijkuxymsiltnhccafzy encontrada
tpfsawaipnphwftlbrhbtkckpazzijqebvwduxmjkb encontrada
ckmssdvnwwnucmmixsuhqkqgcgmvkzlojygcdcpzacwcqkkqcgzuqqbuypqkpbyybgcfksekwcmpmwfpeelu encontrada
yltiggwrkj encontrada
pemgnzcnijsycfcrznbmytuyxvyovmwkqiqfhutsgnqisuzshcghvcguxgjvsffkn encontrada
cnurotqtpdkwttxpqssoehcugoisa nao foi encontrada
zgxghdlaqlzwdaeqtgzfioebprriwytwhreowpqmcqkfsoynwztenxgeoxm nao foi encontrada
zmgnvdtzskwzojvvzbmwekqhh nao foi encontrada
gouqikylqbkirnrtgjlzrcmqtzpkwgnduhtdutomuzvmmohuzutszhis nao foi encontrada
epwutstztapgjhuwisbelogeugulgfylwuhpocqkcisnpomahngudmyysujbckmye nao foi encontrada
afhgskdbfgvywivvfjkvsgumapljzgszlcifolgwteuporntcxqudmjfburbclcpnmucxdyqh encontrada
zgxghdlaqlzwdaeqtgzfioebprriwytwhreowpqmcqkfsoynwztenxgeoxm nao foi encontrada
inuvdspfpyxnpfckifhqr nao foi encontrada
ekgfuhxohalqhvobiyvtstwejubwibfmllrhvqv encontrada
fhtjyoxvwqekvzgceiodv encontrada
nxxakxepelwxxwowrknxwkxcmdkbgipwfowpmcgsoeqnagjusyrojoqvudyalnwscvjqxpinva nao foi encontrada
udwrmrckvykbbjpwznbzxetmphohyvxtbvkpoozlokmr nao foi encontrada
qirjhqtgrozrgpzwpywsaefcagrrkaickbousjclxdcgtccicycfehhgoyx nao foi encontrada
fffvcbejyhnlchgytwyiqvwkicqlpirwnwupyaayhnljxshsoidgdzqobibsqsrfpnxpnzpvp encontrada
pemgnzcnijsycfcrznbmytuyxvyovmwkqiqfhutsgnqisuzshcghvcguxgjvsffkn encontrada
entziyzzguqamfenqgtvoensnqwczfrgukfelherbwtnbzcsfwnwccopumttsnzoxhtio encontrada
hgeimbbhngoizs nao foi encontrada
peksuwsuauvteelslrzufaxoqfdagxbvdnnyjhumcqfgwqahkzdpcdgsklsrivmliclujignaltyeuhqvlhxqnr encontrada
frensnybgacnersznlwyjmnxfgvsx nao foi encontrada
inuvdspfpyxnpfckifhqr nao foi encontrada
qfkedtrjkiorxqgvbeafszqxliqbi encontrada
oqzoyusqrftneavzxphgrjvdkvovpzoepnuqkmibrdpyemxbcgkvphy encontrada
zaxrtrqyfmrlnworssszmgbfdqlxzgqagnrbgkanytalprfh encontrada
frensnybgacnersznlwyjmnxfgvsx nao foi encontrada
qvxifcqzpinbiwporsdrsvoeyqomouhgphpwjfvynlcxhtmylpsgmgmnwazmwhtoqkkzrizht encontrada
whnrbuynkwehrpyrofaijkuxymsiltnhccafzy encontrada
nmybuxqwqpyeeibmdnjmjeeedkbydfnstnvqlmmbdmhhvivavgmhkrlndoojvdbprxfelthogpxbxsbvyqekj encontrada
fzjgwmfntxwgecrayjaflgsbcgnccczidkqzzypsvnabprdpcdvnjprmweqagskledndbcxwrazircywfvjpkcdig encontrada
xijezpvvglh encontrada
hgeimbbhngoizs nao foi encontrada
cnurotqtpdkwttxpqssoehcugoisa nao foi encontrada
dxnilbajxzdxytjvhejccfhblcvadmsgjfpxjrigsnfqgqlpwwuybdbpfwpiii nao foi encontrada
fiujiaiyliakkelwioqpkhqnqilywptczpnirxgdfipqoaowqencnfpeocckrxorocbgbjlhrazfcpdu nao foi encontrada
isrizfsakgacrzhonmraikmhsrpaclmmddwfkofuuhwnifbvrswbfkixbzyfnmrsqnxacfxyovoxbpsukqwpbg encontrada
xlygczvinsmirgupiiydfzguvkelrlbrybxabulqnzyehsup encontrada
yltiggwrkj encontrada
uujuadrmjdgwgxuiwvlribghbkotggxbcgxdmorxtzuawokvlvovwucxgtsnbp nao foi encontrada
ddpdhylvoodsdxgrpymgpywieiopjpbmvsscqdahtdzwchoticzzbyhhgxwq nao foi encontrada
gjnumfboaoskdtlfdxvjysgbmfpxrtqa nao foi encontrada
qirjhqtgrozrgpzwpywsaefcagrrkaickbousjclxdcgtccicycfehhgoyx encontrada
eoeuwyaluuctynoxmlumkzvcgfzrakngyrcxrcinymhxaxwoirdtqyxygzpgjemkxohqspercl nao foi encontrada
cnurotqtpdkwttxpqssoehcugoisa nao foi encontrada
opuehetketmlwtxoximcwbovifzprw encontrada
nmybuxqwqpyeeibmdnjmjeeedkbydfnstnvqlmmbdmhhvivavgmhkrlndoojvdbprxfelthogpxbxsbvyqekj nao foi encontrada
ekgfuhxohalqhvobiyvtstwejubwibfmllrhvqv encontrada
