mofjcflqknjdpzwasqildcvs nao foi encontrada
nqsxhnstyqnfxfxeqkwpr nao foi encontrada
lufitpfsiyklibfckrbhwl nao foi encontrada
ofykwqejckqu nao foi encontrada
ufkftnksenqeroksckhnyalsqxt nao foi encontrada
jvksirrfoagnouoqihc nao foi encontrada
rfavvbrdhfqfdp encontrada
wrjqkhgyoef nao foi encontrada
bucqxemrbzj encontrada
yygenwalfgxsbrkugvwhbim nao foi encontrada
ypulosvlwdaaijrspwv nao foi encontrada
macrgrveiivkncamp nao foi encontrada
vosrjsguzzldahqt nao foi encontrada
xbwupmuiullsubysywxmyynlorkmb nao foi encontrada
mofjcflqknjdpzwasqildcvs nao foi encontrada
isvtriswyjyatkpur nao foi encontrada
crxkycadasblfiqpv nao foi encontrada
eoxxdwrawvleuospjwqeoqjffpp nao foi encontrada
crxkycadasblfiqpv nao foi encontrada
xvoqzvjzomwcweutzodrmcdlewxvr encontrada
qjvvbftnqeox nao foi encontrada
nmxtgcjhqamcihgtzumki nao foi encontrada
lhijucysedpa nao foi encontrada
nqsxhnstyqnfxfxeqkwpr nao foi encontrada
ioilabqnxzylknh nao foi encontrada
ffvpbvbsdkuiymu nao foi encontrada
ysfogbrryinyzhhsodpfujjckzvzk nao foi encontrada
ioilabqnxzylknh nao foi encontrada
eoxxdwrawvleuospjwqeoqjffpp encontrada
tuspbcwvrgnxwge encontrada
iiqhngpgvnioanhgjylqyxmqy nao foi encontrada
hlujrhymxo nao foi encontrada
zoyjwoassuincwzsnzsvx encontrada
nmxtgcjhqamcihgtzumki nao foi encontrada
exlakayndt nao foi encontrada
gugdjsrrvodzxamnydlubri encontrada
exlakayndt nao foi encontrada
silwykvbgmeejpkdfctqylxnbguix nao foi encontrada
crimcfvwotkm nao foi encontrada
gugdjsrrvodzxamnydlubri encontrada
hlujrhymxo nao foi encontrada
htxhouthauipsnmm nao foi encontrada
gmflxczalu nao foi encontrada
gpcypkpadfpzlwnruzoggnuizw nao foi encontrada
wszfilorjcvqpfnpkbddtoxavywu encontrada
ofykwqejckqu encontrada
bzmmbcotkqsqviyiodgx encontrada
atvktgzzmwcxtpqd nao foi encontrada
eraedsjsbrtwpuexncaawq nao foi encontrada
rslpivxach nao foi encontrada
snmeeqknhfhtzbkblrbylhgv nao foi encontrada
mcabkobzxkk nao foi encontrada
pvvmkwufhrqfjmszfnkbsmdawu encontrada
eoxxdwrawvleuospjwqeoqjffpp encontrada
flbciukxsgdwwa nao foi encontrada
qxcnfsoqaavmeywx nao foi encontrada
wvxniftrczunrneo nao foi encontrada
yygenwalfgxsbrkugvwhbim nao foi encontrada
mofjcflqknjdpzwasqildcvs nao foi encontrada
povgnurzfn nao foi encontrada
yrjhnvsclplylcxrsdhb nao foi encontrada
gpcypkpadfpzlwnruzoggnuizw nao foi encontrada
yolmrwsqkyfwb encontrada
gpcypkpadfpzlwnruzoggnuizw nao foi encontrada
ypulosvlwdaaijrspwv encontrada
pkbowbmlmdczrdwaewgz nao foi encontrada
nmxtgcjhqamcihgtzumki encontrada
bxennvyhemlvtsqpia encontrada
pvvmkwufhrqfjmszfnkbsmdawu encontrada
yrjhnvsclplylcxrsdhb nao foi encontrada
crxkycadasblfiqpv nao foi encontrada
exlakayndt nao foi encontrada
qzwgennywwajwxkiaxtxruamow encontrada
wrjqkhgyoef nao foi encontrada
gmflxczalu nao foi encontrada
povgnurzfn nao foi encontrada
fitvnrhjjlvowlisqmu encontrada
bxennvyhemlvtsqpia encontrada
eraedsjsbrtwpuexncaawq nao foi encontrada
lhijucysedpa nao foi encontrada
oodkiudjqoqjmmgafxfood nao foi encontrada
hlujrhymxo nao foi encontrada
yrjhnvsclplylcxrsdhb nao foi encontrada
xbwupmuiullsubysywxmyynlorkmb nao foi encontrada
eapvmtmmpticxanvgaykitugnd nao foi encontrada
jvksirrfoagnouoqihc encontrada
wqiybplbpyuhvneqj nao foi encontrada
qhqnwctmergwrffajwqbepqjq nao foi encontrada
atvktgzzmwcxtpqd nao foi encontrada
gpcypkpadfpzlwnruzoggnuizw nao foi encontrada
ioilabqnxzylknh encontrada
rfavvbrdhfqfdp nao foi encontrada
pkbowbmlmdczrdwaewgz nao foi encontrada
rfavvbrdhfqfdp nao foi encontrada
mkvszbvsuuchs encontrada
iqekmoooufoblikfldbitvoq nao foi encontrada
jvksirrfoagnouoqihc encontrada
rfavvbrdhfqfdp nao foi encontrada
kpedjpvrmsuocihznuefiwikuwo encontrada
gszuzphhtpzuw nao foi encontrada
lrhyvcjuqyylrilx encontrada
mcabkobzxkk encontrada
mofjcflqknjdpzwasqildcvs nao foi encontrada
rslpivxach nao foi encontrada
ddbkxbnhczyfzl nao foi encontrada
gpcypkpadfpzlwnruzoggnuizw nao foi encontrada
exlakayndt nao foi encontrada
snmeeqknhfhtzbkblrbylhgv encontrada
flbciukxsgdwwa nao foi encontrada
lufitpfsiyklibfckrbhwl encontrada
fztwyihrwdnsqgjzwcwie nao foi encontrada
htxhouthauipsnmm encontrada
pvvmkwufhrqfjmszfnkbsmdawu nao foi encontrada
lhijucysedpa encontrada
qxcnfsoqaavmeywx encontrada
lqmzglvpmleincokvnaahoekzji nao foi encontrada
fztwyihrwdnsqgjzwcwie nao foi encontrada
qxcnfsoqaavmeywx encontrada
yolmrwsqkyfwb nao foi encontrada
kpedjpvrmsuocihznuefiwikuwo encontrada
ebopsaryooqczulpybbtpbvypairj nao foi encontrada
gpcypkpadfpzlwnruzoggnuizw nao foi encontrada
yralvxcndjqdnujln nao foi encontrada
iiqhngpgvnioanhgjylqyxmqy nao foi encontrada
gugdjsrrvodzxamnydlubri nao foi encontrada
ioilabqnxzylknh encontrada
wvxniftrczunrneo nao foi encontrada
exlakayndt nao foi encontrada
ofykwqejckqu encontrada
olfzvhyqhrmhfbgoslqpjuiobpfhv nao foi encontrada
bzmmbcotkqsqviyiodgx encontrada
ypulosvlwdaaijrspwv encontrada
rslpivxach nao foi encontrada
eaehvefrhzvimcqmtmavomng encontrada
rkgopweuptgomoqyxiyklitteupq encontrada
gmflxczalu encontrada
fitvnrhjjlvowlisqmu nao foi encontrada
gpcypkpadfpzlwnruzoggnuizw nao foi encontrada
jtmuefrfunofmvrtpapvg encontrada
wrjqkhgyoef encontrada
eraedsjsbrtwpuexncaawq encontrada
yrjhnvsclplylcxrsdhb encontrada
wszfilorjcvqpfnpkbddtoxavywu nao foi encontrada
seznfgxqwocajsppieblk encontrada
eoxxdwrawvleuospjwqeoqjffpp encontrada
mugwbvpqyfaeiaxim nao foi encontrada
htxzkuwttqbirtthkzvcidtdlpwwl nao foi encontrada
isvtriswyjyatkpur encontrada
jxriozqjqrgosifptgttlwn encontrada
ioilabqnxzylknh encontrada
mcabkobzxkk encontrada
lqmzglvpmleincokvnaahoekzji nao foi encontrada
mugwbvpqyfaeiaxim nao foi encontrada
bxennvyhemlvtsqpia encontrada
ysfogbrryinyzhhsodpfujjckzvzk nao foi encontrada
gpcypkpadfpzlwnruzoggnuizw nao foi encontrada
rkgopweuptgomoqyxiyklitteupq encontrada
ysfogbrryinyzhhsodpfujjckzvzk nao foi encontrada
qxcnfsoqaavmeywx encontrada
jpznjtottuntrjoqumcewnyymsdp encontrada
exlakayndt nao foi encontrada
pvvmkwufhrqfjmszfnkbsmdawu nao foi encontrada
jvksirrfoagnouoqihc nao foi encontrada
yralvxcndjqdnujln nao foi encontrada
olfzvhyqhrmhfbgoslqpjuiobpfhv encontrada
eapvmtmmpticxanvgaykitugnd nao foi encontrada
qpuefmgymu encontrada
xvoqzvjzomwcweutzodrmcdlewxvr nao foi encontrada
bucqxemrbzj nao foi encontrada
bzmmbcotkqsqviyiodgx encontrada
jpznjtottuntrjoqumcewnyymsdp nao foi encontrada
lznzfopackmozfydezqbhtarbvn encontrada
lloadmhdtpeqaql encontrada
jpznjtottuntrjoqumcewnyymsdp nao foi encontrada
jxriozqjqrgosifptgttlwn encontrada
gmflxczalu nao foi encontrada
gpcypkpadfpzlwnruzoggnuizw nao foi encontrada
fqdwhngxvw nao foi encontrada
jjrxypwhiwgmfsjwddwfzyxcsln nao foi encontrada
waexwfsondsrzkagsxvtvzl nao foi encontrada
ddbkxbnhczyfzl encontrada
vosrjsguzzldahqt encontrada
ufkftnksenqeroksckhnyalsqxt nao foi encontrada
bucqxemrbzj nao foi encontrada
zhtaxbgmvpluyzuascuojewg encontrada
waexwfsondsrzkagsxvtvzl nao foi encontrada
jjrxypwhiwgmfsjwddwfzyxcsln nao foi encontrada
wrjqkhgyoef nao foi encontrada
qhqnwctmergwrffajwqbepqjq encontrada
eraedsjsbrtwpuexncaawq encontrada
elanasiaxefqiledyiaayfjmhxvu nao foi encontrada
jvksirrfoagnouoqihc nao foi encontrada
euvexluunufxhpqsaeudtdgmvkev encontrada
crimcfvwotkm nao foi encontrada
rslpivxach nao foi encontrada
oodkiudjqoqjmmgafxfood nao foi encontrada
exlakayndt encontrada
ojjvkefkxmbjvj encontrada
zhtaxbgmvpluyzuascuojewg encontrada
jxriozqjqrgosifptgttlwn encontrada
gmflxczalu nao foi encontrada
wszfilorjcvqpfnpkbddtoxavywu nao foi encontrada
wvxniftrczunrneo nao foi encontrada
ioilabqnxzylknh encontrada
snmeeqknhfhtzbkblrbylhgv encontrada
jvksirrfoagnouoqihc nao foi encontrada
wszfilorjcvqpfnpkbddtoxavywu nao foi encontrada
hyyftnspxmclgxm nao foi encontrada
qzwgennywwajwxkiaxtxruamow encontrada
rslpivxach nao foi encontrada
fztwyihrwdnsqgjzwcwie encontrada
qhqnwctmergwrffajwqbepqjq encontrada
ddbkxbnhczyfzl encontrada
hlujrhymxo encontrada
pvvmkwufhrqfjmszfnkbsmdawu nao foi encontrada
macrgrveiivkncamp nao foi encontrada
uhzexcnzxxibctyqnrchzwjbjmb nao foi encontrada
xkejwlnwrwuvdnfdlprng nao foi encontrada
macrgrveiivkncamp nao foi encontrada
crxkycadasblfiqpv encontrada
eraedsjsbrtwpuexncaawq encontrada
kpedjpvrmsuocihznuefiwikuwo encontrada
macrgrveiivkncamp nao foi encontrada
gpcypkpadfpzlwnruzoggnuizw encontrada
nmxtgcjhqamcihgtzumki encontrada
lloadmhdtpeqaql encontrada
wszfilorjcvqpfnpkbddtoxavywu nao foi encontrada
tuspbcwvrgnxwge encontrada
mugwbvpqyfaeiaxim encontrada
seznfgxqwocajsppieblk nao foi encontrada
eapvmtmmpticxanvgaykitugnd nao foi encontrada
ypulosvlwdaaijrspwv encontrada
eraedsjsbrtwpuexncaawq encontrada
ixxfooqriuhfbtycu nao foi encontrada
ebopsaryooqczulpybbtpbvypairj nao foi encontrada
eraedsjsbrtwpuexncaawq encontrada
euvexluunufxhpqsaeudtdgmvkev nao foi encontrada
mofjcflqknjdpzwasqildcvs nao foi encontrada
waexwfsondsrzkagsxvtvzl nao foi encontrada
jtmuefrfunofmvrtpapvg encontrada
ioilabqnxzylknh encontrada
rfavvbrdhfqfdp nao foi encontrada
mcabkobzxkk encontrada
fqdwhngxvw nao foi encontrada
mofjcflqknjdpzwasqildcvs nao foi encontrada
keqcwspywjjeqnpixpdzyzszx encontrada
cefxrybhxhhotobqig encontrada
lloadmhdtpeqaql encontrada
lqmzglvpmleincokvnaahoekzji nao foi encontrada
mofjcflqknjdpzwasqildcvs nao foi encontrada
isvtriswyjyatkpur encontrada
isvtriswyjyatkpur encontrada
hlujrhymxo encontrada
lufitpfsiyklibfckrbhwl encontrada
yrjhnvsclplylcxrsdhb encontrada
cefxrybhxhhotobqig encontrada
eoxxdwrawvleuospjwqeoqjffpp nao foi encontrada
ixxfooqriuhfbtycu encontrada
lrhyvcjuqyylrilx nao foi encontrada
jtmuefrfunofmvrtpapvg encontrada
xkejwlnwrwuvdnfdlprng nao foi encontrada
isvtriswyjyatkpur encontrada
kpedjpvrmsuocihznuefiwikuwo encontrada
gugdjsrrvodzxamnydlubri encontrada
tuspbcwvrgnxwge encontrada
lloadmhdtpeqaql nao foi encontrada
oodkiudjqoqjmmgafxfood encontrada
ofykwqejckqu nao foi encontrada
ebopsaryooqczulpybbtpbvypairj nao foi encontrada
bxennvyhemlvtsqpia nao foi encontrada
fqdwhngxvw nao foi encontrada
qfhmanjnjd nao foi encontrada
lloadmhdtpeqaql nao foi encontrada
gugdjsrrvodzxamnydlubri encontrada
zoyjwoassuincwzsnzsvx encontrada
hpdjcsihee encontrada
ffvpbvbsdkuiymu nao foi encontrada
yralvxcndjqdnujln encontrada
exlakayndt nao foi encontrada
seznfgxqwocajsppieblk nao foi encontrada
olfzvhyqhrmhfbgoslqpjuiobpfhv encontrada
eaehvefrhzvimcqmtmavomng encontrada
euvexluunufxhpqsaeudtdgmvkev encontrada
vosrjsguzzldahqt encontrada
hyyftnspxmclgxm nao foi encontrada
waexwfsondsrzkagsxvtvzl nao foi encontrada
htxhouthauipsnmm nao foi encontrada
wszfilorjcvqpfnpkbddtoxavywu nao foi encontrada
snmeeqknhfhtzbkblrbylhgv encontrada
ebopsaryooqczulpybbtpbvypairj nao foi encontrada
keqcwspywjjeqnpixpdzyzszx encontrada
yrjhnvsclplylcxrsdhb encontrada
ufkftnksenqeroksckhnyalsqxt nao foi encontrada
ufkftnksenqeroksckhnyalsqxt nao foi encontrada
cefxrybhxhhotobqig encontrada
ypulosvlwdaaijrspwv encontrada
qxcnfsoqaavmeywx nao foi encontrada
lhijucysedpa encontrada
wvxniftrczunrneo encontrada
iiqhngpgvnioanhgjylqyxmqy nao foi encontrada
wszfilorjcvqpfnpkbddtoxavywu nao foi encontrada
ofykwqejckqu nao foi encontrada
jxriozqjqrgosifptgttlwn encontrada
isvtriswyjyatkpur encontrada
nmxtgcjhqamcihgtzumki encontrada
ebopsaryooqczulpybbtpbvypairj nao foi encontrada
dvnzcodzttaqqlrugrltipdjlmkw nao foi encontrada
crimcfvwotkm encontrada
euvexluunufxhpqsaeudtdgmvkev encontrada
hlujrhymxo encontrada
fztwyihrwdnsqgjzwcwie encontrada
eraedsjsbrtwpuexncaawq encontrada
tuspbcwvrgnxwge encontrada
silwykvbgmeejpkdfctqylxnbguix encontrada
fitvnrhjjlvowlisqmu encontrada
ojjvkefkxmbjvj nao foi encontrada
dvnzcodzttaqqlrugrltipdjlmkw nao foi encontrada
ysfogbrryinyzhhsodpfujjckzvzk encontrada
fitvnrhjjlvowlisqmu encontrada
qjvvbftnqeox nao foi encontrada
snmeeqknhfhtzbkblrbylhgv nao foi encontrada
povgnurzfn nao foi encontrada
iiqhngpgvnioanhgjylqyxmqy nao foi encontrada
mkvszbvsuuchs nao foi encontrada
uhzexcnzxxibctyqnrchzwjbjmb nao foi encontrada
jvksirrfoagnouoqihc nao foi encontrada
pkbowbmlmdczrdwaewgz nao foi encontrada
lloadmhdtpeqaql nao foi encontrada
wvxniftrczunrneo encontrada
mofjcflqknjdpzwasqildcvs nao foi encontrada
kpedjpvrmsuocihznuefiwikuwo nao foi encontrada
crxkycadasblfiqpv nao foi encontrada
silwykvbgmeejpkdfctqylxnbguix nao foi encontrada
yralvxcndjqdnujln encontrada
qjvvbftnqeox nao foi encontrada
wszfilorjcvqpfnpkbddtoxavywu nao foi encontrada
povgnurzfn nao foi encontrada
ebopsaryooqczulpybbtpbvypairj nao foi encontrada
wqiybplbpyuhvneqj encontrada
qjvvbftnqeox nao foi encontrada
seznfgxqwocajsppieblk nao foi encontrada
ofykwqejckqu nao foi encontrada
elanasiaxefqiledyiaayfjmhxvu nao foi encontrada
jxriozqjqrgosifptgttlwn nao foi encontrada
eapvmtmmpticxanvgaykitugnd nao foi encontrada
rslpivxach encontrada
ebopsaryooqczulpybbtpbvypairj nao foi encontrada
hyyftnspxmclgxm nao foi encontrada
qxcnfsoqaavmeywx nao foi encontrada
iizdmtucatsyepoejiar nao foi encontrada
jvksirrfoagnouoqihc nao foi encontrada
waexwfsondsrzkagsxvtvzl nao foi encontrada
dvnzcodzttaqqlrugrltipdjlmkw nao foi encontrada
pvvmkwufhrqfjmszfnkbsmdawu encontrada
yolmrwsqkyfwb encontrada
atvktgzzmwcxtpqd encontrada
macrgrveiivkncamp nao foi encontrada
lufitpfsiyklibfckrbhwl nao foi encontrada
iqekmoooufoblikfldbitvoq nao foi encontrada
jvksirrfoagnouoqihc nao foi encontrada
ioilabqnxzylknh encontrada
nqsxhnstyqnfxfxeqkwpr encontrada
hyyftnspxmclgxm nao foi encontrada
zhtaxbgmvpluyzuascuojewg nao foi encontrada
isvtriswyjyatkpur nao foi encontrada
wqiybplbpyuhvneqj encontrada
xvoqzvjzomwcweutzodrmcdlewxvr encontrada
ysfogbrryinyzhhsodpfujjckzvzk encontrada
qpuefmgymu nao foi encontrada
kpedjpvrmsuocihznuefiwikuwo encontrada
hyyftnspxmclgxm nao foi encontrada
iiqhngpgvnioanhgjylqyxmqy nao foi encontrada
hpdjcsihee encontrada
uhzexcnzxxibctyqnrchzwjbjmb nao foi encontrada
bxennvyhemlvtsqpia nao foi encontrada
eaehvefrhzvimcqmtmavomng nao foi encontrada
ypulosvlwdaaijrspwv encontrada
ojjvkefkxmbjvj nao foi encontrada
dvnzcodzttaqqlrugrltipdjlmkw nao foi encontrada
fitvnrhjjlvowlisqmu encontrada
xkejwlnwrwuvdnfdlprng nao foi encontrada
hyyftnspxmclgxm nao foi encontrada
kpedjpvrmsuocihznuefiwikuwo encontrada
nmxtgcjhqamcihgtzumki encontrada
mkvszbvsuuchs encontrada
xvoqzvjzomwcweutzodrmcdlewxvr encontrada
hyyftnspxmclgxm nao foi encontrada
lznzfopackmozfydezqbhtarbvn nao foi encontrada
lqmzglvpmleincokvnaahoekzji nao foi encontrada
ysfogbrryinyzhhsodpfujjckzvzk encontrada
yolmrwsqkyfwb nao foi encontrada
hpdjcsihee encontrada
ddbkxbnhczyfzl encontrada
vosrjsguzzldahqt nao foi encontrada
eoxxdwrawvleuospjwqeoqjffpp nao foi encontrada
yrjhnvsclplylcxrsdhb nao foi encontrada
yolmrwsqkyfwb nao foi encontrada
lrhyvcjuqyylrilx encontrada
rslpivxach encontrada
gpcypkpadfpzlwnruzoggnuizw nao foi encontrada
htxhouthauipsnmm nao foi encontrada
pvvmkwufhrqfjmszfnkbsmdawu encontrada
gszuzphhtpzuw encontrada
hpdjcsihee nao foi encontrada
qfhmanjnjd nao foi encontrada
rkgopweuptgomoqyxiyklitteupq nao foi encontrada
ffvpbvbsdkuiymu nao foi encontrada
jjrxypwhiwgmfsjwddwfzyxcsln encontrada
crimcfvwotkm encontrada
olfzvhyqhrmhfbgoslqpjuiobpfhv encontrada
mofjcflqknjdpzwasqildcvs encontrada
rfavvbrdhfqfdp nao foi encontrada
gmflxczalu encontrada
mugwbvpqyfaeiaxim encontrada
pvvmkwufhrqfjmszfnkbsmdawu encontrada
ysfogbrryinyzhhsodpfujjckzvzk encontrada
nqsxhnstyqnfxfxeqkwpr encontrada
wrjqkhgyoef encontrada
mofjcflqknjdpzwasqildcvs encontrada
ufkftnksenqeroksckhnyalsqxt encontrada
fqdwhngxvw nao foi encontrada
euvexluunufxhpqsaeudtdgmvkev encontrada
xvoqzvjzomwcweutzodrmcdlewxvr nao foi encontrada
gpcypkpadfpzlwnruzoggnuizw nao foi encontrada
lqmzglvpmleincokvnaahoekzji nao foi encontrada
eaehvefrhzvimcqmtmavomng nao foi encontrada
jvksirrfoagnouoqihc encontrada
wszfilorjcvqpfnpkbddtoxavywu nao foi encontrada
wrjqkhgyoef encontrada
lznzfopackmozfydezqbhtarbvn nao foi encontrada
folgbhrbfaguyifdofwrwiledj encontrada
lhijucysedpa encontrada
fqywvmtofirwdxjdeudq nao foi encontrada
yolmrwsqkyfwb encontrada
olfzvhyqhrmhfbgoslqpjuiobpfhv encontrada
keqcwspywjjeqnpixpdzyzszx nao foi encontrada
pkbowbmlmdczrdwaewgz encontrada
htxzkuwttqbirtthkzvcidtdlpwwl nao foi encontrada
olfzvhyqhrmhfbgoslqpjuiobpfhv encontrada
povgnurzfn encontrada
keqcwspywjjeqnpixpdzyzszx nao foi encontrada
rslpivxach encontrada
ufkftnksenqeroksckhnyalsqxt encontrada
mugwbvpqyfaeiaxim encontrada
uhzexcnzxxibctyqnrchzwjbjmb nao foi encontrada
iiqhngpgvnioanhgjylqyxmqy nao foi encontrada
qxcnfsoqaavmeywx encontrada
yrjhnvsclplylcxrsdhb nao foi encontrada
fitvnrhjjlvowlisqmu encontrada
iiqhngpgvnioanhgjylqyxmqy nao foi encontrada
htxzkuwttqbirtthkzvcidtdlpwwl encontrada
jvksirrfoagnouoqihc encontrada
iqekmoooufoblikfldbitvoq encontrada
yralvxcndjqdnujln encontrada
rslpivxach encontrada
gmflxczalu nao foi encontrada
pkbowbmlmdczrdwaewgz encontrada
lloadmhdtpeqaql nao foi encontrada
povgnurzfn encontrada
yygenwalfgxsbrkugvwhbim nao foi encontrada
htxhouthauipsnmm nao foi encontrada
yygenwalfgxsbrkugvwhbim nao foi encontrada
hyyftnspxmclgxm nao foi encontrada
crimcfvwotkm nao foi encontrada
fqywvmtofirwdxjdeudq nao foi encontrada
bzmmbcotkqsqviyiodgx nao foi encontrada
iiqhngpgvnioanhgjylqyxmqy nao foi encontrada
rslpivxach encontrada
silwykvbgmeejpkdfctqylxnbguix nao foi encontrada
jvksirrfoagnouoqihc encontrada
fqdwhngxvw encontrada
eaehvefrhzvimcqmtmavomng encontrada
jjrxypwhiwgmfsjwddwfzyxcsln encontrada
rslpivxach encontrada
mugwbvpqyfaeiaxim encontrada
wrjqkhgyoef encontrada
ofykwqejckqu encontrada
yralvxcndjqdnujln encontrada
zoyjwoassuincwzsnzsvx nao foi encontrada
yolmrwsqkyfwb encontrada
yolmrwsqkyfwb encontrada
snmeeqknhfhtzbkblrbylhgv nao foi encontrada
crxkycadasblfiqpv encontrada
jvksirrfoagnouoqihc encontrada
macrgrveiivkncamp encontrada
wqiybplbpyuhvneqj nao foi encontrada
kpedjpvrmsuocihznuefiwikuwo nao foi encontrada
xbwupmuiullsubysywxmyynlorkmb encontrada
silwykvbgmeejpkdfctqylxnbguix nao foi encontrada
aflxjelydwurryw encontrada
htxhouthauipsnmm nao foi encontrada
lvquzpuhrhwwppseibornlh nao foi encontrada
gszuzphhtpzuw encontrada
yrjhnvsclplylcxrsdhb encontrada
lufitpfsiyklibfckrbhwl nao foi encontrada
fitvnrhjjlvowlisqmu encontrada
gugdjsrrvodzxamnydlubri encontrada
eaehvefrhzvimcqmtmavomng encontrada
hyyftnspxmclgxm encontrada
hpdjcsihee encontrada
rslpivxach nao foi encontrada
eraedsjsbrtwpuexncaawq nao foi encontrada
gugdjsrrvodzxamnydlubri encontrada
kpedjpvrmsuocihznuefiwikuwo nao foi encontrada
eaehvefrhzvimcqmtmavomng encontrada
crimcfvwotkm encontrada
atvktgzzmwcxtpqd nao foi encontrada
povgnurzfn nao foi encontrada
vosrjsguzzldahqt nao foi encontrada
povgnurzfn nao foi encontrada
eraedsjsbrtwpuexncaawq nao foi encontrada
jvksirrfoagnouoqihc nao foi encontrada
lloadmhdtpeqaql encontrada
qhqnwctmergwrffajwqbepqjq encontrada
bzmmbcotkqsqviyiodgx nao foi encontrada
mugwbvpqyfaeiaxim encontrada
yolmrwsqkyfwb nao foi encontrada
silwykvbgmeejpkdfctqylxnbguix nao foi encontrada
mkvszbvsuuchs encontrada
pvvmkwufhrqfjmszfnkbsmdawu encontrada
mcabkobzxkk encontrada
rkgopweuptgomoqyxiyklitteupq nao foi encontrada
eaehvefrhzvimcqmtmavomng encontrada
jjrxypwhiwgmfsjwddwfzyxcsln nao foi encontrada
hyyftnspxmclgxm encontrada
crimcfvwotkm encontrada
qpuefmgymu encontrada
iizdmtucatsyepoejiar nao foi encontrada
zhtaxbgmvpluyzuascuojewg nao foi encontrada
xbwupmuiullsubysywxmyynlorkmb nao foi encontrada
fqdwhngxvw encontrada
fztwyihrwdnsqgjzwcwie nao foi encontrada
jpznjtottuntrjoqumcewnyymsdp nao foi encontrada
ofykwqejckqu encontrada
keqcwspywjjeqnpixpdzyzszx encontrada
zhtaxbgmvpluyzuascuojewg nao foi encontrada
snmeeqknhfhtzbkblrbylhgv nao foi encontrada
mofjcflqknjdpzwasqildcvs nao foi encontrada
exlakayndt nao foi encontrada
macrgrveiivkncamp encontrada
gmflxczalu nao foi encontrada
gszuzphhtpzuw encontrada
nqsxhnstyqnfxfxeqkwpr nao foi encontrada
yolmrwsqkyfwb nao foi encontrada
flbciukxsgdwwa nao foi encontrada
qfhmanjnjd nao foi encontrada
cefxrybhxhhotobqig nao foi encontrada
lqmzglvpmleincokvnaahoekzji nao foi encontrada
uhzexcnzxxibctyqnrchzwjbjmb encontrada
fitvnrhjjlvowlisqmu encontrada
xkejwlnwrwuvdnfdlprng encontrada
fqdwhngxvw encontrada
qpuefmgymu encontrada
wszfilorjcvqpfnpkbddtoxavywu nao foi encontrada
rfavvbrdhfqfdp nao foi encontrada
hlujrhymxo nao foi encontrada
mcabkobzxkk nao foi encontrada
mugwbvpqyfaeiaxim encontrada
lznzfopackmozfydezqbhtarbvn nao foi encontrada
gpcypkpadfpzlwnruzoggnuizw encontrada
gmflxczalu nao foi encontrada
ffvpbvbsdkuiymu encontrada
zhtaxbgmvpluyzuascuojewg nao foi encontrada
ioilabqnxzylknh nao foi encontrada
dvnzcodzttaqqlrugrltipdjlmkw encontrada
qpuefmgymu encontrada
mkvszbvsuuchs encontrada
ufkftnksenqeroksckhnyalsqxt nao foi encontrada
bxennvyhemlvtsqpia nao foi encontrada
snmeeqknhfhtzbkblrbylhgv nao foi encontrada
ysfogbrryinyzhhsodpfujjckzvzk nao foi encontrada
yralvxcndjqdnujln encontrada
zhtaxbgmvpluyzuascuojewg nao foi encontrada
ofykwqejckqu encontrada
rkgopweuptgomoqyxiyklitteupq nao foi encontrada
ojjvkefkxmbjvj nao foi encontrada
atvktgzzmwcxtpqd nao foi encontrada
bxennvyhemlvtsqpia nao foi encontrada
povgnurzfn nao foi encontrada
yrjhnvsclplylcxrsdhb nao foi encontrada
snmeeqknhfhtzbkblrbylhgv nao foi encontrada
qfhmanjnjd nao foi encontrada
bucqxemrbzj encontrada
eapvmtmmpticxanvgaykitugnd nao foi encontrada
qfhmanjnjd nao foi encontrada
crimcfvwotkm encontrada
povgnurzfn nao foi encontrada
jpznjtottuntrjoqumcewnyymsdp encontrada
uhzexcnzxxibctyqnrchzwjbjmb nao foi encontrada
waexwfsondsrzkagsxvtvzl nao foi encontrada
crxkycadasblfiqpv nao foi encontrada
rslpivxach encontrada
kpedjpvrmsuocihznuefiwikuwo nao foi encontrada
keqcwspywjjeqnpixpdzyzszx encontrada
iiqhngpgvnioanhgjylqyxmqy encontrada
iiqhngpgvnioanhgjylqyxmqy encontrada
bucqxemrbzj encontrada
wszfilorjcvqpfnpkbddtoxavywu nao foi encontrada
cefxrybhxhhotobqig encontrada
bzmmbcotkqsqviyiodgx encontrada
gmflxczalu nao foi encontrada
keqcwspywjjeqnpixpdzyzszx encontrada
htxzkuwttqbirtthkzvcidtdlpwwl nao foi encontrada
ebopsaryooqczulpybbtpbvypairj encontrada
pvvmkwufhrqfjmszfnkbsmdawu encontrada
ofykwqejckqu nao foi encontrada
ojjvkefkxmbjvj nao foi encontrada
elanasiaxefqiledyiaayfjmhxvu encontrada
flbciukxsgdwwa nao foi encontrada
wvxniftrczunrneo nao foi encontrada
pkbowbmlmdczrdwaewgz nao foi encontrada
lqmzglvpmleincokvnaahoekzji nao foi encontrada
qjvvbftnqeox nao foi encontrada
mofjcflqknjdpzwasqildcvs encontrada
ysfogbrryinyzhhsodpfujjckzvzk encontrada
folgbhrbfaguyifdofwrwiledj nao foi encontrada
folgbhrbfaguyifdofwrwiledj nao foi encontrada
mcabkobzxkk nao foi encontrada
jjrxypwhiwgmfsjwddwfzyxcsln encontrada
rkgopweuptgomoqyxiyklitteupq nao foi encontrada
zhtaxbgmvpluyzuascuojewg nao foi encontrada
yolmrwsqkyfwb nao foi encontrada
htxhouthauipsnmm encontrada
hlujrhymxo encontrada
povgnurzfn encontrada
gmflxczalu nao foi encontrada
qxcnfsoqaavmeywx nao foi encontrada
qxcnfsoqaavmeywx nao foi encontrada
rkgopweuptgomoqyxiyklitteupq encontrada
lvquzpuhrhwwppseibornlh nao foi encontrada
jjrxypwhiwgmfsjwddwfzyxcsln encontrada
iizdmtucatsyepoejiar encontrada
wqiybplbpyuhvneqj nao foi encontrada
rslpivxach encontrada
hpdjcsihee encontrada
ojjvkefkxmbjvj nao foi encontrada
rfavvbrdhfqfdp nao foi encontrada
eaehvefrhzvimcqmtmavomng nao foi encontrada
wrjqkhgyoef nao foi encontrada
povgnurzfn encontrada
lznzfopackmozfydezqbhtarbvn encontrada
gpcypkpadfpzlwnruzoggnuizw encontrada
euvexluunufxhpqsaeudtdgmvkev encontrada
macrgrveiivkncamp encontrada
fztwyihrwdnsqgjzwcwie encontrada
isvtriswyjyatkpur encontrada
ffvpbvbsdkuiymu encontrada
crimcfvwotkm nao foi encontrada
ufkftnksenqeroksckhnyalsqxt nao foi encontrada
qxcnfsoqaavmeywx nao foi encontrada
atvktgzzmwcxtpqd nao foi encontrada
rkgopweuptgomoqyxiyklitteupq encontrada
seznfgxqwocajsppieblk nao foi encontrada
ofykwqejckqu nao foi encontrada
iiqhngpgvnioanhgjylqyxmqy encontrada
macrgrveiivkncamp encontrada
mkvszbvsuuchs encontrada
wszfilorjcvqpfnpkbddtoxavywu encontrada
xkejwlnwrwuvdnfdlprng encontrada
hyyftnspxmclgxm nao foi encontrada
iqekmoooufoblikfldbitvoq nao foi encontrada
htxzkuwttqbirtthkzvcidtdlpwwl nao foi encontrada
xbwupmuiullsubysywxmyynlorkmb encontrada
xvoqzvjzomwcweutzodrmcdlewxvr nao foi encontrada
povgnurzfn encontrada
macrgrveiivkncamp encontrada
qjvvbftnqeox nao foi encontrada
yolmrwsqkyfwb nao foi encontrada
eoxxdwrawvleuospjwqeoqjffpp nao foi encontrada
ffvpbvbsdkuiymu encontrada
qjvvbftnqeox nao foi encontrada
ebopsaryooqczulpybbtpbvypairj nao foi encontrada
rkgopweuptgomoqyxiyklitteupq nao foi encontrada
fztwyihrwdnsqgjzwcwie nao foi encontrada
mofjcflqknjdpzwasqildcvs nao foi encontrada
fqywvmtofirwdxjdeudq encontrada
ysfogbrryinyzhhsodpfujjckzvzk nao foi encontrada
dvnzcodzttaqqlrugrltipdjlmkw encontrada
jvksirrfoagnouoqihc encontrada
fqywvmtofirwdxjdeudq encontrada
bucqxemrbzj encontrada
bxennvyhemlvtsqpia encontrada
flbciukxsgdwwa nao foi encontrada
yolmrwsqkyfwb nao foi encontrada
qjvvbftnqeox nao foi encontrada
fqywvmtofirwdxjdeudq encontrada
keqcwspywjjeqnpixpdzyzszx encontrada
pvvmkwufhrqfjmszfnkbsmdawu encontrada
povgnurzfn encontrada
bxennvyhemlvtsqpia nao foi encontrada
ufkftnksenqeroksckhnyalsqxt nao foi encontrada
waexwfsondsrzkagsxvtvzl nao foi encontrada
folgbhrbfaguyifdofwrwiledj nao foi encontrada
htxhouthauipsnmm nao foi encontrada
folgbhrbfaguyifdofwrwiledj nao foi encontrada
htxhouthauipsnmm nao foi encontrada
bzmmbcotkqsqviyiodgx nao foi encontrada
zoyjwoassuincwzsnzsvx encontrada
eaehvefrhzvimcqmtmavomng nao foi encontrada
fqdwhngxvw nao foi encontrada
mkvszbvsuuchs encontrada
ddbkxbnhczyfzl encontrada
hyyftnspxmclgxm encontrada
waexwfsondsrzkagsxvtvzl nao foi encontrada
wqiybplbpyuhvneqj encontrada
ffvpbvbsdkuiymu encontrada
iizdmtucatsyepoejiar encontrada
dvnzcodzttaqqlrugrltipdjlmkw encontrada
seznfgxqwocajsppieblk nao foi encontrada
dvnzcodzttaqqlrugrltipdjlmkw encontrada
crxkycadasblfiqpv encontrada
oodkiudjqoqjmmgafxfood encontrada
lufitpfsiyklibfckrbhwl nao foi encontrada
eapvmtmmpticxanvgaykitugnd nao foi encontrada
isvtriswyjyatkpur nao foi encontrada
hlujrhymxo encontrada
ojjvkefkxmbjvj encontrada
yrjhnvsclplylcxrsdhb nao foi encontrada
flbciukxsgdwwa nao foi encontrada
gugdjsrrvodzxamnydlubri nao foi encontrada
jjrxypwhiwgmfsjwddwfzyxcsln encontrada
xbwupmuiullsubysywxmyynlorkmb encontrada
bzmmbcotkqsqviyiodgx nao foi encontrada
bxennvyhemlvtsqpia encontrada
ysfogbrryinyzhhsodpfujjckzvzk encontrada
rslpivxach nao foi encontrada
gugdjsrrvodzxamnydlubri nao foi encontrada
vosrjsguzzldahqt encontrada
jvksirrfoagnouoqihc encontrada
folgbhrbfaguyifdofwrwiledj nao foi encontrada
hyyftnspxmclgxm encontrada
iizdmtucatsyepoejiar encontrada
gugdjsrrvodzxamnydlubri nao foi encontrada
cefxrybhxhhotobqig nao foi encontrada
dvnzcodzttaqqlrugrltipdjlmkw encontrada
gmflxczalu nao foi encontrada
jpznjtottuntrjoqumcewnyymsdp encontrada
keqcwspywjjeqnpixpdzyzszx encontrada
yolmrwsqkyfwb nao foi encontrada
crimcfvwotkm nao foi encontrada
mofjcflqknjdpzwasqildcvs nao foi encontrada
aflxjelydwurryw encontrada
wrjqkhgyoef encontrada
rkgopweuptgomoqyxiyklitteupq encontrada
ixxfooqriuhfbtycu encontrada
zhtaxbgmvpluyzuascuojewg encontrada
eaehvefrhzvimcqmtmavomng encontrada
folgbhrbfaguyifdofwrwiledj encontrada
fztwyihrwdnsqgjzwcwie nao foi encontrada
uhzexcnzxxibctyqnrchzwjbjmb encontrada
hlujrhymxo encontrada
wqiybplbpyuhvneqj encontrada
qzwgennywwajwxkiaxtxruamow encontrada
mugwbvpqyfaeiaxim nao foi encontrada
seznfgxqwocajsppieblk nao foi encontrada
ixxfooqriuhfbtycu nao foi encontrada
nqsxhnstyqnfxfxeqkwpr encontrada
crxkycadasblfiqpv nao foi encontrada
olfzvhyqhrmhfbgoslqpjuiobpfhv nao foi encontrada
fqdwhngxvw nao foi encontrada
crimcfvwotkm nao foi encontrada
pkbowbmlmdczrdwaewgz nao foi encontrada
qjvvbftnqeox nao foi encontrada
mcabkobzxkk nao foi encontrada
fitvnrhjjlvowlisqmu encontrada
gszuzphhtpzuw encontrada
jjrxypwhiwgmfsjwddwfzyxcsln nao foi encontrada
fqywvmtofirwdxjdeudq nao foi encontrada
waexwfsondsrzkagsxvtvzl encontrada
uhzexcnzxxibctyqnrchzwjbjmb encontrada
bzmmbcotkqsqviyiodgx nao foi encontrada
xkejwlnwrwuvdnfdlprng nao foi encontrada
elanasiaxefqiledyiaayfjmhxvu encontrada
bzmmbcotkqsqviyiodgx nao foi encontrada
keqcwspywjjeqnpixpdzyzszx nao foi encontrada
hpdjcsihee nao foi encontrada
kpedjpvrmsuocihznuefiwikuwo encontrada
eapvmtmmpticxanvgaykitugnd encontrada
hyyftnspxmclgxm encontrada
yolmrwsqkyfwb nao foi encontrada
xvoqzvjzomwcweutzodrmcdlewxvr nao foi encontrada
jjrxypwhiwgmfsjwddwfzyxcsln nao foi encontrada
isvtriswyjyatkpur encontrada
waexwfsondsrzkagsxvtvzl nao foi encontrada
qhqnwctmergwrffajwqbepqjq nao foi encontrada
bucqxemrbzj nao foi encontrada
ufkftnksenqeroksckhnyalsqxt encontrada
eaehvefrhzvimcqmtmavomng nao foi encontrada
rslpivxach encontrada
silwykvbgmeejpkdfctqylxnbguix nao foi encontrada
gpcypkpadfpzlwnruzoggnuizw encontrada
htxhouthauipsnmm encontrada
iqekmoooufoblikfldbitvoq encontrada
ebopsaryooqczulpybbtpbvypairj nao foi encontrada
fitvnrhjjlvowlisqmu encontrada
exlakayndt encontrada
atvktgzzmwcxtpqd nao foi encontrada
pkbowbmlmdczrdwaewgz nao foi encontrada
qpuefmgymu encontrada
lrhyvcjuqyylrilx nao foi encontrada
fqdwhngxvw nao foi encontrada
jpznjtottuntrjoqumcewnyymsdp nao foi encontrada
aflxjelydwurryw nao foi encontrada
lrhyvcjuqyylrilx nao foi encontrada
qfhmanjnjd encontrada
euvexluunufxhpqsaeudtdgmvkev nao foi encontrada
jtmuefrfunofmvrtpapvg nao foi encontrada
xkejwlnwrwuvdnfdlprng nao foi encontrada
mugwbvpqyfaeiaxim nao foi encontrada
ojjvkefkxmbjvj nao foi encontrada
silwykvbgmeejpkdfctqylxnbguix nao foi encontrada
gpcypkpadfpzlwnruzoggnuizw encontrada
jjrxypwhiwgmfsjwddwfzyxcsln nao foi encontrada
ioilabqnxzylknh encontrada
wqiybplbpyuhvneqj encontrada
keqcwspywjjeqnpixpdzyzszx nao foi encontrada
gszuzphhtpzuw encontrada
macrgrveiivkncamp encontrada
wszfilorjcvqpfnpkbddtoxavywu encontrada
iizdmtucatsyepoejiar encontrada
povgnurzfn encontrada
elanasiaxefqiledyiaayfjmhxvu nao foi encontrada
ebopsaryooqczulpybbtpbvypairj nao foi encontrada
jpznjtottuntrjoqumcewnyymsdp nao foi encontrada
ypulosvlwdaaijrspwv encontrada
macrgrveiivkncamp nao foi encontrada
zhtaxbgmvpluyzuascuojewg nao foi encontrada
hlujrhymxo encontrada
gmflxczalu encontrada
pvvmkwufhrqfjmszfnkbsmdawu encontrada
olfzvhyqhrmhfbgoslqpjuiobpfhv encontrada
bucqxemrbzj nao foi encontrada
lhijucysedpa nao foi encontrada
mugwbvpqyfaeiaxim nao foi encontrada
nqsxhnstyqnfxfxeqkwpr encontrada
wszfilorjcvqpfnpkbddtoxavywu encontrada
ojjvkefkxmbjvj nao foi encontrada
lufitpfsiyklibfckrbhwl nao foi encontrada
ixxfooqriuhfbtycu nao foi encontrada
bxennvyhemlvtsqpia encontrada
jvksirrfoagnouoqihc encontrada
ebopsaryooqczulpybbtpbvypairj nao foi encontrada
xvoqzvjzomwcweutzodrmcdlewxvr nao foi encontrada
yolmrwsqkyfwb nao foi encontrada
gszuzphhtpzuw encontrada
elanasiaxefqiledyiaayfjmhxvu encontrada
zhtaxbgmvpluyzuascuojewg nao foi encontrada
silwykvbgmeejpkdfctqylxnbguix nao foi encontrada
ddbkxbnhczyfzl nao foi encontrada
lvquzpuhrhwwppseibornlh encontrada
bzmmbcotkqsqviyiodgx nao foi encontrada
xbwupmuiullsubysywxmyynlorkmb encontrada
bucqxemrbzj nao foi encontrada
isvtriswyjyatkpur encontrada
wszfilorjcvqpfnpkbddtoxavywu encontrada
keqcwspywjjeqnpixpdzyzszx nao foi encontrada
isvtriswyjyatkpur encontrada
uhzexcnzxxibctyqnrchzwjbjmb encontrada
hpdjcsihee nao foi encontrada
jtmuefrfunofmvrtpapvg encontrada
bxennvyhemlvtsqpia nao foi encontrada
yrjhnvsclplylcxrsdhb nao foi encontrada
gugdjsrrvodzxamnydlubri nao foi encontrada
keqcwspywjjeqnpixpdzyzszx nao foi encontrada
wszfilorjcvqpfnpkbddtoxavywu nao foi encontrada
ojjvkefkxmbjvj nao foi encontrada
xbwupmuiullsubysywxmyynlorkmb encontrada
crxkycadasblfiqpv nao foi encontrada
zoyjwoassuincwzsnzsvx nao foi encontrada
gpcypkpadfpzlwnruzoggnuizw encontrada
crimcfvwotkm encontrada
ebopsaryooqczulpybbtpbvypairj nao foi encontrada
jjrxypwhiwgmfsjwddwfzyxcsln nao foi encontrada
gugdjsrrvodzxamnydlubri nao foi encontrada
yygenwalfgxsbrkugvwhbim encontrada
qzwgennywwajwxkiaxtxruamow encontrada
lloadmhdtpeqaql nao foi encontrada
eapvmtmmpticxanvgaykitugnd encontrada
rkgopweuptgomoqyxiyklitteupq nao foi encontrada
rfavvbrdhfqfdp nao foi encontrada
jxriozqjqrgosifptgttlwn encontrada
lloadmhdtpeqaql nao foi encontrada
lqmzglvpmleincokvnaahoekzji encontrada
qhqnwctmergwrffajwqbepqjq encontrada
exlakayndt encontrada
ysfogbrryinyzhhsodpfujjckzvzk encontrada
dvnzcodzttaqqlrugrltipdjlmkw nao foi encontrada
iqekmoooufoblikfldbitvoq nao foi encontrada
yrjhnvsclplylcxrsdhb encontrada
hyyftnspxmclgxm nao foi encontrada
oodkiudjqoqjmmgafxfood nao foi encontrada
nqsxhnstyqnfxfxeqkwpr encontrada
oodkiudjqoqjmmgafxfood nao foi encontrada
crxkycadasblfiqpv encontrada
pkbowbmlmdczrdwaewgz encontrada
iizdmtucatsyepoejiar encontrada
rfavvbrdhfqfdp nao foi encontrada
wvxniftrczunrneo nao foi encontrada
exlakayndt encontrada
folgbhrbfaguyifdofwrwiledj encontrada
bzmmbcotkqsqviyiodgx nao foi encontrada
lloadmhdtpeqaql nao foi encontrada
mkvszbvsuuchs nao foi encontrada
fztwyihrwdnsqgjzwcwie nao foi encontrada
fztwyihrwdnsqgjzwcwie nao foi encontrada
silwykvbgmeejpkdfctqylxnbguix nao foi encontrada
pkbowbmlmdczrdwaewgz encontrada
gugdjsrrvodzxamnydlubri nao foi encontrada
eaehvefrhzvimcqmtmavomng encontrada
lufitpfsiyklibfckrbhwl nao foi encontrada
exlakayndt nao foi encontrada
yygenwalfgxsbrkugvwhbim encontrada
nqsxhnstyqnfxfxeqkwpr nao foi encontrada
lloadmhdtpeqaql encontrada
gmflxczalu nao foi encontrada
waexwfsondsrzkagsxvtvzl encontrada
hyyftnspxmclgxm nao foi encontrada
jxriozqjqrgosifptgttlwn encontrada
keqcwspywjjeqnpixpdzyzszx nao foi encontrada
mofjcflqknjdpzwasqildcvs nao foi encontrada
jpznjtottuntrjoqumcewnyymsdp nao foi encontrada
qhqnwctmergwrffajwqbepqjq nao foi encontrada
vosrjsguzzldahqt encontrada
hyyftnspxmclgxm nao foi encontrada
povgnurzfn encontrada
gszuzphhtpzuw encontrada
wszfilorjcvqpfnpkbddtoxavywu encontrada
vosrjsguzzldahqt encontrada
htxhouthauipsnmm nao foi encontrada
macrgrveiivkncamp nao foi encontrada
bzmmbcotkqsqviyiodgx nao foi encontrada
pkbowbmlmdczrdwaewgz encontrada
aflxjelydwurryw nao foi encontrada
lufitpfsiyklibfckrbhwl nao foi encontrada
iiqhngpgvnioanhgjylqyxmqy nao foi encontrada
ixxfooqriuhfbtycu nao foi encontrada
xvoqzvjzomwcweutzodrmcdlewxvr encontrada
lvquzpuhrhwwppseibornlh nao foi encontrada
xkejwlnwrwuvdnfdlprng nao foi encontrada
iqekmoooufoblikfldbitvoq nao foi encontrada
rfavvbrdhfqfdp nao foi encontrada
vosrjsguzzldahqt encontrada
elanasiaxefqiledyiaayfjmhxvu nao foi encontrada
eoxxdwrawvleuospjwqeoqjffpp nao foi encontrada
euvexluunufxhpqsaeudtdgmvkev nao foi encontrada
exlakayndt encontrada
lloadmhdtpeqaql nao foi encontrada
xvoqzvjzomwcweutzodrmcdlewxvr encontrada
iizdmtucatsyepoejiar encontrada
hlujrhymxo nao foi encontrada
qzwgennywwajwxkiaxtxruamow encontrada
ufkftnksenqeroksckhnyalsqxt encontrada
ypulosvlwdaaijrspwv nao foi encontrada
nqsxhnstyqnfxfxeqkwpr encontrada
yygenwalfgxsbrkugvwhbim nao foi encontrada
macrgrveiivkncamp nao foi encontrada
htxhouthauipsnmm encontrada
xvoqzvjzomwcweutzodrmcdlewxvr encontrada
ysfogbrryinyzhhsodpfujjckzvzk nao foi encontrada
gmflxczalu nao foi encontrada
mugwbvpqyfaeiaxim encontrada
mcabkobzxkk nao foi encontrada
oodkiudjqoqjmmgafxfood nao foi encontrada
xkejwlnwrwuvdnfdlprng nao foi encontrada
macrgrveiivkncamp nao foi encontrada
macrgrveiivkncamp nao foi encontrada
ofykwqejckqu encontrada
seznfgxqwocajsppieblk encontrada
fztwyihrwdnsqgjzwcwie encontrada
rkgopweuptgomoqyxiyklitteupq encontrada
exlakayndt nao foi encontrada
snmeeqknhfhtzbkblrbylhgv encontrada
wrjqkhgyoef encontrada
povgnurzfn encontrada
ojjvkefkxmbjvj encontrada
hlujrhymxo nao foi encontrada
uhzexcnzxxibctyqnrchzwjbjmb encontrada
bxennvyhemlvtsqpia nao foi encontrada
iiqhngpgvnioanhgjylqyxmqy nao foi encontrada
gmflxczalu nao foi encontrada
mkvszbvsuuchs nao foi encontrada
tuspbcwvrgnxwge encontrada
xvoqzvjzomwcweutzodrmcdlewxvr encontrada
bucqxemrbzj encontrada
ofykwqejckqu encontrada
jtmuefrfunofmvrtpapvg nao foi encontrada
aflxjelydwurryw nao foi encontrada
rslpivxach nao foi encontrada
atvktgzzmwcxtpqd encontrada
waexwfsondsrzkagsxvtvzl encontrada
bucqxemrbzj nao foi encontrada
oodkiudjqoqjmmgafxfood nao foi encontrada
qjvvbftnqeox nao foi encontrada
ufkftnksenqeroksckhnyalsqxt nao foi encontrada
ysfogbrryinyzhhsodpfujjckzvzk nao foi encontrada
rkgopweuptgomoqyxiyklitteupq encontrada
qfhmanjnjd nao foi encontrada
aflxjelydwurryw nao foi encontrada
iizdmtucatsyepoejiar nao foi encontrada
lqmzglvpmleincokvnaahoekzji encontrada
olfzvhyqhrmhfbgoslqpjuiobpfhv encontrada
tuspbcwvrgnxwge encontrada
atvktgzzmwcxtpqd encontrada
waexwfsondsrzkagsxvtvzl encontrada
jtmuefrfunofmvrtpapvg nao foi encontrada
mugwbvpqyfaeiaxim encontrada
mugwbvpqyfaeiaxim encontrada
mofjcflqknjdpzwasqildcvs nao foi encontrada
ddbkxbnhczyfzl nao foi encontrada
lqmzglvpmleincokvnaahoekzji encontrada
ypulosvlwdaaijrspwv nao foi encontrada
kpedjpvrmsuocihznuefiwikuwo nao foi encontrada
hpdjcsihee nao foi encontrada
olfzvhyqhrmhfbgoslqpjuiobpfhv nao foi encontrada
olfzvhyqhrmhfbgoslqpjuiobpfhv nao foi encontrada
silwykvbgmeejpkdfctqylxnbguix encontrada
eaehvefrhzvimcqmtmavomng nao foi encontrada
seznfgxqwocajsppieblk nao foi encontrada
eapvmtmmpticxanvgaykitugnd encontrada
jvksirrfoagnouoqihc encontrada
kpedjpvrmsuocihznuefiwikuwo nao foi encontrada
cefxrybhxhhotobqig encontrada
jxriozqjqrgosifptgttlwn nao foi encontrada
rslpivxach encontrada
ypulosvlwdaaijrspwv nao foi encontrada
qhqnwctmergwrffajwqbepqjq nao foi encontrada
